{"/Users/naveenbhavnani/webhook-signature/examples/express/server.ts": {"path":"/Users/naveenbhavnani/webhook-signature/examples/express/server.ts","all":true,"statementMap":{"0":{"start":{"line":1,"column":0},"end":{"line":1,"column":30}},"1":{"start":{"line":2,"column":0},"end":{"line":2,"column":48}},"2":{"start":{"line":3,"column":0},"end":{"line":3,"column":0}},"3":{"start":{"line":4,"column":0},"end":{"line":4,"column":22}},"4":{"start":{"line":5,"column":0},"end":{"line":5,"column":100}},"5":{"start":{"line":6,"column":0},"end":{"line":6,"column":0}},"6":{"start":{"line":7,"column":0},"end":{"line":7,"column":41}},"7":{"start":{"line":8,"column":0},"end":{"line":8,"column":38}},"8":{"start":{"line":9,"column":0},"end":{"line":9,"column":23}},"9":{"start":{"line":10,"column":0},"end":{"line":10,"column":63}},"10":{"start":{"line":11,"column":0},"end":{"line":11,"column":32}},"11":{"start":{"line":12,"column":0},"end":{"line":12,"column":33}},"12":{"start":{"line":13,"column":0},"end":{"line":13,"column":5}},"13":{"start":{"line":14,"column":0},"end":{"line":14,"column":56}},"14":{"start":{"line":15,"column":0},"end":{"line":15,"column":3}},"15":{"start":{"line":16,"column":0},"end":{"line":16,"column":0}},"16":{"start":{"line":17,"column":0},"end":{"line":17,"column":58}}},"s":{"0":0,"1":0,"2":0,"3":0,"4":0,"5":0,"6":0,"7":0,"8":0,"9":0,"10":0,"11":0,"12":0,"13":0,"14":0,"15":0,"16":0},"branchMap":{"0":{"type":"branch","line":1,"loc":{"start":{"line":1,"column":0},"end":{"line":17,"column":-179}},"locations":[{"start":{"line":1,"column":0},"end":{"line":17,"column":-179}}]}},"b":{"0":[0]},"fnMap":{"0":{"name":"(empty-report)","decl":{"start":{"line":1,"column":0},"end":{"line":17,"column":-179}},"loc":{"start":{"line":1,"column":0},"end":{"line":17,"column":-179}},"line":1}},"f":{"0":0}}
,"/Users/naveenbhavnani/webhook-signature/src/index.ts": {"path":"/Users/naveenbhavnani/webhook-signature/src/index.ts","all":false,"statementMap":{"0":{"start":{"line":1,"column":0},"end":{"line":1,"column":66}},"1":{"start":{"line":2,"column":0},"end":{"line":2,"column":50}},"2":{"start":{"line":3,"column":0},"end":{"line":3,"column":48}},"3":{"start":{"line":4,"column":0},"end":{"line":4,"column":50}},"4":{"start":{"line":5,"column":0},"end":{"line":5,"column":54}},"5":{"start":{"line":6,"column":0},"end":{"line":6,"column":52}},"6":{"start":{"line":7,"column":0},"end":{"line":7,"column":50}},"7":{"start":{"line":8,"column":0},"end":{"line":8,"column":50}},"8":{"start":{"line":9,"column":0},"end":{"line":9,"column":60}},"9":{"start":{"line":10,"column":0},"end":{"line":10,"column":0}},"10":{"start":{"line":11,"column":0},"end":{"line":11,"column":88}},"11":{"start":{"line":12,"column":0},"end":{"line":12,"column":26}},"12":{"start":{"line":13,"column":0},"end":{"line":13,"column":20}},"13":{"start":{"line":14,"column":0},"end":{"line":14,"column":79}},"14":{"start":{"line":15,"column":0},"end":{"line":15,"column":48}},"15":{"start":{"line":16,"column":0},"end":{"line":16,"column":42}},"16":{"start":{"line":17,"column":0},"end":{"line":17,"column":75}},"17":{"start":{"line":18,"column":0},"end":{"line":18,"column":27}},"18":{"start":{"line":19,"column":0},"end":{"line":19,"column":99}},"19":{"start":{"line":20,"column":0},"end":{"line":20,"column":24}},"20":{"start":{"line":21,"column":0},"end":{"line":21,"column":9}},"21":{"start":{"line":22,"column":0},"end":{"line":22,"column":7}},"22":{"start":{"line":23,"column":0},"end":{"line":23,"column":100}},"23":{"start":{"line":24,"column":0},"end":{"line":24,"column":5}},"24":{"start":{"line":25,"column":0},"end":{"line":25,"column":19}},"25":{"start":{"line":26,"column":0},"end":{"line":26,"column":79}},"26":{"start":{"line":27,"column":0},"end":{"line":27,"column":48}},"27":{"start":{"line":28,"column":0},"end":{"line":28,"column":42}},"28":{"start":{"line":29,"column":0},"end":{"line":29,"column":74}},"29":{"start":{"line":30,"column":0},"end":{"line":30,"column":27}},"30":{"start":{"line":31,"column":0},"end":{"line":31,"column":99}},"31":{"start":{"line":32,"column":0},"end":{"line":32,"column":24}},"32":{"start":{"line":33,"column":0},"end":{"line":33,"column":9}},"33":{"start":{"line":34,"column":0},"end":{"line":34,"column":7}},"34":{"start":{"line":35,"column":0},"end":{"line":35,"column":99}},"35":{"start":{"line":36,"column":0},"end":{"line":36,"column":5}},"36":{"start":{"line":37,"column":0},"end":{"line":37,"column":20}},"37":{"start":{"line":38,"column":0},"end":{"line":38,"column":79}},"38":{"start":{"line":39,"column":0},"end":{"line":39,"column":48}},"39":{"start":{"line":40,"column":0},"end":{"line":40,"column":42}},"40":{"start":{"line":41,"column":0},"end":{"line":41,"column":102}},"41":{"start":{"line":42,"column":0},"end":{"line":42,"column":27}},"42":{"start":{"line":43,"column":0},"end":{"line":43,"column":99}},"43":{"start":{"line":44,"column":0},"end":{"line":44,"column":24}},"44":{"start":{"line":45,"column":0},"end":{"line":45,"column":9}},"45":{"start":{"line":46,"column":0},"end":{"line":46,"column":7}},"46":{"start":{"line":47,"column":0},"end":{"line":47,"column":100}},"47":{"start":{"line":48,"column":0},"end":{"line":48,"column":5}},"48":{"start":{"line":49,"column":0},"end":{"line":49,"column":22}},"49":{"start":{"line":50,"column":0},"end":{"line":50,"column":79}},"50":{"start":{"line":51,"column":0},"end":{"line":51,"column":48}},"51":{"start":{"line":52,"column":0},"end":{"line":52,"column":42}},"52":{"start":{"line":53,"column":0},"end":{"line":53,"column":77}},"53":{"start":{"line":54,"column":0},"end":{"line":54,"column":27}},"54":{"start":{"line":55,"column":0},"end":{"line":55,"column":99}},"55":{"start":{"line":56,"column":0},"end":{"line":56,"column":24}},"56":{"start":{"line":57,"column":0},"end":{"line":57,"column":9}},"57":{"start":{"line":58,"column":0},"end":{"line":58,"column":7}},"58":{"start":{"line":59,"column":0},"end":{"line":59,"column":102}},"59":{"start":{"line":60,"column":0},"end":{"line":60,"column":5}},"60":{"start":{"line":61,"column":0},"end":{"line":61,"column":21}},"61":{"start":{"line":62,"column":0},"end":{"line":62,"column":79}},"62":{"start":{"line":63,"column":0},"end":{"line":63,"column":48}},"63":{"start":{"line":64,"column":0},"end":{"line":64,"column":42}},"64":{"start":{"line":65,"column":0},"end":{"line":65,"column":76}},"65":{"start":{"line":66,"column":0},"end":{"line":66,"column":27}},"66":{"start":{"line":67,"column":0},"end":{"line":67,"column":99}},"67":{"start":{"line":68,"column":0},"end":{"line":68,"column":24}},"68":{"start":{"line":69,"column":0},"end":{"line":69,"column":9}},"69":{"start":{"line":70,"column":0},"end":{"line":70,"column":7}},"70":{"start":{"line":71,"column":0},"end":{"line":71,"column":101}},"71":{"start":{"line":72,"column":0},"end":{"line":72,"column":5}},"72":{"start":{"line":73,"column":0},"end":{"line":73,"column":20}},"73":{"start":{"line":74,"column":0},"end":{"line":74,"column":106}},"74":{"start":{"line":75,"column":0},"end":{"line":75,"column":48}},"75":{"start":{"line":76,"column":0},"end":{"line":76,"column":42}},"76":{"start":{"line":77,"column":0},"end":{"line":77,"column":137}},"77":{"start":{"line":78,"column":0},"end":{"line":78,"column":27}},"78":{"start":{"line":79,"column":0},"end":{"line":79,"column":99}},"79":{"start":{"line":80,"column":0},"end":{"line":80,"column":24}},"80":{"start":{"line":81,"column":0},"end":{"line":81,"column":9}},"81":{"start":{"line":82,"column":0},"end":{"line":82,"column":7}},"82":{"start":{"line":83,"column":0},"end":{"line":83,"column":100}},"83":{"start":{"line":84,"column":0},"end":{"line":84,"column":5}},"84":{"start":{"line":85,"column":0},"end":{"line":85,"column":20}},"85":{"start":{"line":86,"column":0},"end":{"line":86,"column":102}},"86":{"start":{"line":87,"column":0},"end":{"line":87,"column":48}},"87":{"start":{"line":88,"column":0},"end":{"line":88,"column":41}},"88":{"start":{"line":89,"column":0},"end":{"line":89,"column":73}},"89":{"start":{"line":90,"column":0},"end":{"line":90,"column":27}},"90":{"start":{"line":91,"column":0},"end":{"line":91,"column":99}},"91":{"start":{"line":92,"column":0},"end":{"line":92,"column":24}},"92":{"start":{"line":93,"column":0},"end":{"line":93,"column":9}},"93":{"start":{"line":94,"column":0},"end":{"line":94,"column":7}},"94":{"start":{"line":95,"column":0},"end":{"line":95,"column":99}},"95":{"start":{"line":96,"column":0},"end":{"line":96,"column":5}},"96":{"start":{"line":97,"column":0},"end":{"line":97,"column":26}},"97":{"start":{"line":98,"column":0},"end":{"line":98,"column":79}},"98":{"start":{"line":99,"column":0},"end":{"line":99,"column":5}},"99":{"start":{"line":100,"column":0},"end":{"line":100,"column":12}},"100":{"start":{"line":101,"column":0},"end":{"line":101,"column":89}},"101":{"start":{"line":102,"column":0},"end":{"line":102,"column":3}},"102":{"start":{"line":103,"column":0},"end":{"line":103,"column":1}},"103":{"start":{"line":104,"column":0},"end":{"line":104,"column":0}},"104":{"start":{"line":105,"column":0},"end":{"line":105,"column":13}},"105":{"start":{"line":106,"column":0},"end":{"line":106,"column":24}}},"s":{"0":1,"1":1,"2":1,"3":1,"4":1,"5":1,"6":1,"7":1,"8":1,"9":1,"10":81,"11":81,"12":81,"13":11,"14":11,"15":11,"16":11,"17":11,"18":11,"19":5,"20":5,"21":11,"22":10,"23":11,"24":81,"25":6,"26":6,"27":6,"28":6,"29":6,"30":6,"31":3,"32":3,"33":6,"34":5,"35":6,"36":81,"37":26,"38":26,"39":26,"40":30,"41":30,"42":30,"43":8,"44":8,"45":30,"46":26,"47":26,"48":81,"49":5,"50":5,"51":5,"52":6,"53":6,"54":6,"55":3,"56":3,"57":6,"58":5,"59":5,"60":81,"61":8,"62":8,"63":8,"64":9,"65":9,"66":9,"67":3,"68":3,"69":9,"70":6,"71":8,"72":81,"73":6,"74":6,"75":6,"76":7,"77":7,"78":7,"79":4,"80":4,"81":7,"82":6,"83":6,"84":81,"85":8,"86":8,"87":8,"88":9,"89":9,"90":9,"91":3,"92":3,"93":9,"94":6,"95":8,"96":81,"97":10,"98":10,"99":81,"100":1,"101":81,"102":81,"103":1,"104":1,"105":1},"branchMap":{"0":{"type":"branch","line":11,"loc":{"start":{"line":11,"column":0},"end":{"line":103,"column":1}},"locations":[{"start":{"line":11,"column":0},"end":{"line":103,"column":1}}]},"1":{"type":"branch","line":13,"loc":{"start":{"line":13,"column":4},"end":{"line":24,"column":5}},"locations":[{"start":{"line":13,"column":4},"end":{"line":24,"column":5}}]},"2":{"type":"branch","line":14,"loc":{"start":{"line":14,"column":47},"end":{"line":14,"column":65}},"locations":[{"start":{"line":14,"column":47},"end":{"line":14,"column":65}}]},"3":{"type":"branch","line":18,"loc":{"start":{"line":18,"column":18},"end":{"line":19,"column":27}},"locations":[{"start":{"line":18,"column":18},"end":{"line":19,"column":27}}]},"4":{"type":"branch","line":18,"loc":{"start":{"line":18,"column":25},"end":{"line":19,"column":27}},"locations":[{"start":{"line":18,"column":25},"end":{"line":19,"column":27}}]},"5":{"type":"branch","line":19,"loc":{"start":{"line":19,"column":13},"end":{"line":19,"column":98}},"locations":[{"start":{"line":19,"column":13},"end":{"line":19,"column":98}}]},"6":{"type":"branch","line":19,"loc":{"start":{"line":19,"column":98},"end":{"line":21,"column":9}},"locations":[{"start":{"line":19,"column":98},"end":{"line":21,"column":9}}]},"7":{"type":"branch","line":22,"loc":{"start":{"line":22,"column":6},"end":{"line":23,"column":100}},"locations":[{"start":{"line":22,"column":6},"end":{"line":23,"column":100}}]},"8":{"type":"branch","line":22,"loc":{"start":{"line":22,"column":6},"end":{"line":23,"column":26}},"locations":[{"start":{"line":22,"column":6},"end":{"line":23,"column":26}}]},"9":{"type":"branch","line":23,"loc":{"start":{"line":23,"column":13},"end":{"line":23,"column":100}},"locations":[{"start":{"line":23,"column":13},"end":{"line":23,"column":100}}]},"10":{"type":"branch","line":25,"loc":{"start":{"line":25,"column":4},"end":{"line":36,"column":5}},"locations":[{"start":{"line":25,"column":4},"end":{"line":36,"column":5}}]},"11":{"type":"branch","line":26,"loc":{"start":{"line":26,"column":47},"end":{"line":26,"column":65}},"locations":[{"start":{"line":26,"column":47},"end":{"line":26,"column":65}}]},"12":{"type":"branch","line":30,"loc":{"start":{"line":30,"column":18},"end":{"line":31,"column":27}},"locations":[{"start":{"line":30,"column":18},"end":{"line":31,"column":27}}]},"13":{"type":"branch","line":31,"loc":{"start":{"line":31,"column":13},"end":{"line":31,"column":98}},"locations":[{"start":{"line":31,"column":13},"end":{"line":31,"column":98}}]},"14":{"type":"branch","line":31,"loc":{"start":{"line":31,"column":98},"end":{"line":33,"column":9}},"locations":[{"start":{"line":31,"column":98},"end":{"line":33,"column":9}}]},"15":{"type":"branch","line":34,"loc":{"start":{"line":34,"column":6},"end":{"line":35,"column":99}},"locations":[{"start":{"line":34,"column":6},"end":{"line":35,"column":99}}]},"16":{"type":"branch","line":34,"loc":{"start":{"line":34,"column":6},"end":{"line":35,"column":26}},"locations":[{"start":{"line":34,"column":6},"end":{"line":35,"column":26}}]},"17":{"type":"branch","line":35,"loc":{"start":{"line":35,"column":13},"end":{"line":35,"column":99}},"locations":[{"start":{"line":35,"column":13},"end":{"line":35,"column":99}}]},"18":{"type":"branch","line":37,"loc":{"start":{"line":37,"column":4},"end":{"line":48,"column":5}},"locations":[{"start":{"line":37,"column":4},"end":{"line":48,"column":5}}]},"19":{"type":"branch","line":38,"loc":{"start":{"line":38,"column":47},"end":{"line":38,"column":65}},"locations":[{"start":{"line":38,"column":47},"end":{"line":38,"column":65}}]},"20":{"type":"branch","line":38,"loc":{"start":{"line":38,"column":56},"end":{"line":38,"column":79}},"locations":[{"start":{"line":38,"column":56},"end":{"line":38,"column":79}}]},"21":{"type":"branch","line":40,"loc":{"start":{"line":40,"column":41},"end":{"line":46,"column":7}},"locations":[{"start":{"line":40,"column":41},"end":{"line":46,"column":7}}]},"22":{"type":"branch","line":42,"loc":{"start":{"line":42,"column":18},"end":{"line":43,"column":27}},"locations":[{"start":{"line":42,"column":18},"end":{"line":43,"column":27}}]},"23":{"type":"branch","line":42,"loc":{"start":{"line":42,"column":18},"end":{"line":42,"column":27}},"locations":[{"start":{"line":42,"column":18},"end":{"line":42,"column":27}}]},"24":{"type":"branch","line":42,"loc":{"start":{"line":42,"column":25},"end":{"line":43,"column":27}},"locations":[{"start":{"line":42,"column":25},"end":{"line":43,"column":27}}]},"25":{"type":"branch","line":43,"loc":{"start":{"line":43,"column":13},"end":{"line":43,"column":98}},"locations":[{"start":{"line":43,"column":13},"end":{"line":43,"column":98}}]},"26":{"type":"branch","line":43,"loc":{"start":{"line":43,"column":40},"end":{"line":43,"column":98}},"locations":[{"start":{"line":43,"column":40},"end":{"line":43,"column":98}}]},"27":{"type":"branch","line":43,"loc":{"start":{"line":43,"column":98},"end":{"line":45,"column":9}},"locations":[{"start":{"line":43,"column":98},"end":{"line":45,"column":9}}]},"28":{"type":"branch","line":46,"loc":{"start":{"line":46,"column":6},"end":{"line":47,"column":26}},"locations":[{"start":{"line":46,"column":6},"end":{"line":47,"column":26}}]},"29":{"type":"branch","line":47,"loc":{"start":{"line":47,"column":13},"end":{"line":47,"column":100}},"locations":[{"start":{"line":47,"column":13},"end":{"line":47,"column":100}}]},"30":{"type":"branch","line":49,"loc":{"start":{"line":49,"column":4},"end":{"line":60,"column":5}},"locations":[{"start":{"line":49,"column":4},"end":{"line":60,"column":5}}]},"31":{"type":"branch","line":50,"loc":{"start":{"line":50,"column":47},"end":{"line":50,"column":65}},"locations":[{"start":{"line":50,"column":47},"end":{"line":50,"column":65}}]},"32":{"type":"branch","line":50,"loc":{"start":{"line":50,"column":56},"end":{"line":50,"column":79}},"locations":[{"start":{"line":50,"column":56},"end":{"line":50,"column":79}}]},"33":{"type":"branch","line":52,"loc":{"start":{"line":52,"column":41},"end":{"line":58,"column":7}},"locations":[{"start":{"line":52,"column":41},"end":{"line":58,"column":7}}]},"34":{"type":"branch","line":54,"loc":{"start":{"line":54,"column":18},"end":{"line":55,"column":27}},"locations":[{"start":{"line":54,"column":18},"end":{"line":55,"column":27}}]},"35":{"type":"branch","line":55,"loc":{"start":{"line":55,"column":13},"end":{"line":55,"column":98}},"locations":[{"start":{"line":55,"column":13},"end":{"line":55,"column":98}}]},"36":{"type":"branch","line":55,"loc":{"start":{"line":55,"column":98},"end":{"line":57,"column":9}},"locations":[{"start":{"line":55,"column":98},"end":{"line":57,"column":9}}]},"37":{"type":"branch","line":58,"loc":{"start":{"line":58,"column":6},"end":{"line":59,"column":26}},"locations":[{"start":{"line":58,"column":6},"end":{"line":59,"column":26}}]},"38":{"type":"branch","line":59,"loc":{"start":{"line":59,"column":13},"end":{"line":59,"column":102}},"locations":[{"start":{"line":59,"column":13},"end":{"line":59,"column":102}}]},"39":{"type":"branch","line":61,"loc":{"start":{"line":61,"column":4},"end":{"line":72,"column":5}},"locations":[{"start":{"line":61,"column":4},"end":{"line":72,"column":5}}]},"40":{"type":"branch","line":62,"loc":{"start":{"line":62,"column":47},"end":{"line":62,"column":65}},"locations":[{"start":{"line":62,"column":47},"end":{"line":62,"column":65}}]},"41":{"type":"branch","line":62,"loc":{"start":{"line":62,"column":56},"end":{"line":62,"column":79}},"locations":[{"start":{"line":62,"column":56},"end":{"line":62,"column":79}}]},"42":{"type":"branch","line":64,"loc":{"start":{"line":64,"column":41},"end":{"line":70,"column":7}},"locations":[{"start":{"line":64,"column":41},"end":{"line":70,"column":7}}]},"43":{"type":"branch","line":66,"loc":{"start":{"line":66,"column":18},"end":{"line":66,"column":27}},"locations":[{"start":{"line":66,"column":18},"end":{"line":66,"column":27}}]},"44":{"type":"branch","line":66,"loc":{"start":{"line":66,"column":25},"end":{"line":67,"column":98}},"locations":[{"start":{"line":66,"column":25},"end":{"line":67,"column":98}}]},"45":{"type":"branch","line":66,"loc":{"start":{"line":66,"column":25},"end":{"line":67,"column":27}},"locations":[{"start":{"line":66,"column":25},"end":{"line":67,"column":27}}]},"46":{"type":"branch","line":67,"loc":{"start":{"line":67,"column":13},"end":{"line":67,"column":98}},"locations":[{"start":{"line":67,"column":13},"end":{"line":67,"column":98}}]},"47":{"type":"branch","line":67,"loc":{"start":{"line":67,"column":98},"end":{"line":69,"column":9}},"locations":[{"start":{"line":67,"column":98},"end":{"line":69,"column":9}}]},"48":{"type":"branch","line":70,"loc":{"start":{"line":70,"column":6},"end":{"line":71,"column":101}},"locations":[{"start":{"line":70,"column":6},"end":{"line":71,"column":101}}]},"49":{"type":"branch","line":70,"loc":{"start":{"line":70,"column":6},"end":{"line":71,"column":26}},"locations":[{"start":{"line":70,"column":6},"end":{"line":71,"column":26}}]},"50":{"type":"branch","line":71,"loc":{"start":{"line":71,"column":13},"end":{"line":71,"column":101}},"locations":[{"start":{"line":71,"column":13},"end":{"line":71,"column":101}}]},"51":{"type":"branch","line":73,"loc":{"start":{"line":73,"column":4},"end":{"line":84,"column":5}},"locations":[{"start":{"line":73,"column":4},"end":{"line":84,"column":5}}]},"52":{"type":"branch","line":74,"loc":{"start":{"line":74,"column":56},"end":{"line":74,"column":83}},"locations":[{"start":{"line":74,"column":56},"end":{"line":74,"column":83}}]},"53":{"type":"branch","line":74,"loc":{"start":{"line":74,"column":74},"end":{"line":74,"column":106}},"locations":[{"start":{"line":74,"column":74},"end":{"line":74,"column":106}}]},"54":{"type":"branch","line":76,"loc":{"start":{"line":76,"column":41},"end":{"line":82,"column":7}},"locations":[{"start":{"line":76,"column":41},"end":{"line":82,"column":7}}]},"55":{"type":"branch","line":78,"loc":{"start":{"line":78,"column":18},"end":{"line":78,"column":27}},"locations":[{"start":{"line":78,"column":18},"end":{"line":78,"column":27}}]},"56":{"type":"branch","line":78,"loc":{"start":{"line":78,"column":25},"end":{"line":79,"column":27}},"locations":[{"start":{"line":78,"column":25},"end":{"line":79,"column":27}}]},"57":{"type":"branch","line":79,"loc":{"start":{"line":79,"column":13},"end":{"line":79,"column":98}},"locations":[{"start":{"line":79,"column":13},"end":{"line":79,"column":98}}]},"58":{"type":"branch","line":79,"loc":{"start":{"line":79,"column":98},"end":{"line":81,"column":9}},"locations":[{"start":{"line":79,"column":98},"end":{"line":81,"column":9}}]},"59":{"type":"branch","line":82,"loc":{"start":{"line":82,"column":6},"end":{"line":83,"column":26}},"locations":[{"start":{"line":82,"column":6},"end":{"line":83,"column":26}}]},"60":{"type":"branch","line":83,"loc":{"start":{"line":83,"column":13},"end":{"line":83,"column":100}},"locations":[{"start":{"line":83,"column":13},"end":{"line":83,"column":100}}]},"61":{"type":"branch","line":85,"loc":{"start":{"line":85,"column":4},"end":{"line":96,"column":5}},"locations":[{"start":{"line":85,"column":4},"end":{"line":96,"column":5}}]},"62":{"type":"branch","line":86,"loc":{"start":{"line":86,"column":54},"end":{"line":86,"column":80}},"locations":[{"start":{"line":86,"column":54},"end":{"line":86,"column":80}}]},"63":{"type":"branch","line":86,"loc":{"start":{"line":86,"column":72},"end":{"line":86,"column":102}},"locations":[{"start":{"line":86,"column":72},"end":{"line":86,"column":102}}]},"64":{"type":"branch","line":88,"loc":{"start":{"line":88,"column":40},"end":{"line":94,"column":7}},"locations":[{"start":{"line":88,"column":40},"end":{"line":94,"column":7}}]},"65":{"type":"branch","line":90,"loc":{"start":{"line":90,"column":18},"end":{"line":90,"column":27}},"locations":[{"start":{"line":90,"column":18},"end":{"line":90,"column":27}}]},"66":{"type":"branch","line":90,"loc":{"start":{"line":90,"column":25},"end":{"line":91,"column":98}},"locations":[{"start":{"line":90,"column":25},"end":{"line":91,"column":98}}]},"67":{"type":"branch","line":90,"loc":{"start":{"line":90,"column":25},"end":{"line":91,"column":27}},"locations":[{"start":{"line":90,"column":25},"end":{"line":91,"column":27}}]},"68":{"type":"branch","line":91,"loc":{"start":{"line":91,"column":13},"end":{"line":91,"column":98}},"locations":[{"start":{"line":91,"column":13},"end":{"line":91,"column":98}}]},"69":{"type":"branch","line":91,"loc":{"start":{"line":91,"column":98},"end":{"line":93,"column":9}},"locations":[{"start":{"line":91,"column":98},"end":{"line":93,"column":9}}]},"70":{"type":"branch","line":94,"loc":{"start":{"line":94,"column":6},"end":{"line":95,"column":99}},"locations":[{"start":{"line":94,"column":6},"end":{"line":95,"column":99}}]},"71":{"type":"branch","line":94,"loc":{"start":{"line":94,"column":6},"end":{"line":95,"column":26}},"locations":[{"start":{"line":94,"column":6},"end":{"line":95,"column":26}}]},"72":{"type":"branch","line":95,"loc":{"start":{"line":95,"column":13},"end":{"line":95,"column":99}},"locations":[{"start":{"line":95,"column":13},"end":{"line":95,"column":99}}]},"73":{"type":"branch","line":97,"loc":{"start":{"line":97,"column":4},"end":{"line":99,"column":5}},"locations":[{"start":{"line":97,"column":4},"end":{"line":99,"column":5}}]},"74":{"type":"branch","line":100,"loc":{"start":{"line":100,"column":4},"end":{"line":101,"column":89}},"locations":[{"start":{"line":100,"column":4},"end":{"line":101,"column":89}}]}},"b":{"0":[81],"1":[11],"2":[0],"3":[6],"4":[5],"5":[0],"6":[5],"7":[10],"8":[5],"9":[0],"10":[6],"11":[0],"12":[3],"13":[0],"14":[3],"15":[5],"16":[3],"17":[0],"18":[26],"19":[2],"20":[24],"21":[30],"22":[27],"23":[19],"24":[11],"25":[3],"26":[0],"27":[8],"28":[7],"29":[0],"30":[5],"31":[1],"32":[4],"33":[6],"34":[3],"35":[0],"36":[3],"37":[2],"38":[0],"39":[8],"40":[1],"41":[7],"42":[9],"43":[6],"44":[7],"45":[3],"46":[0],"47":[3],"48":[6],"49":[2],"50":[0],"51":[6],"52":[1],"53":[5],"54":[7],"55":[3],"56":[4],"57":[0],"58":[4],"59":[3],"60":[0],"61":[8],"62":[1],"63":[7],"64":[9],"65":[6],"66":[7],"67":[3],"68":[0],"69":[3],"70":[6],"71":[2],"72":[0],"73":[10],"74":[1]},"fnMap":{"0":{"name":"verifyWebhook","decl":{"start":{"line":11,"column":0},"end":{"line":103,"column":1}},"loc":{"start":{"line":11,"column":0},"end":{"line":103,"column":1}},"line":11}},"f":{"0":81}}
,"/Users/naveenbhavnani/webhook-signature/src/types.ts": {"path":"/Users/naveenbhavnani/webhook-signature/src/types.ts","all":false,"statementMap":{"0":{"start":{"line":1,"column":0},"end":{"line":1,"column":22}},"1":{"start":{"line":2,"column":0},"end":{"line":2,"column":98}},"2":{"start":{"line":3,"column":0},"end":{"line":3,"column":0}},"3":{"start":{"line":4,"column":0},"end":{"line":4,"column":35}},"4":{"start":{"line":5,"column":0},"end":{"line":5,"column":0}},"5":{"start":{"line":6,"column":0},"end":{"line":6,"column":38}},"6":{"start":{"line":7,"column":0},"end":{"line":7,"column":57}},"7":{"start":{"line":8,"column":0},"end":{"line":8,"column":27}},"8":{"start":{"line":9,"column":0},"end":{"line":9,"column":21}},"9":{"start":{"line":10,"column":0},"end":{"line":10,"column":27}},"10":{"start":{"line":11,"column":0},"end":{"line":11,"column":28}},"11":{"start":{"line":12,"column":0},"end":{"line":12,"column":1}},"12":{"start":{"line":13,"column":0},"end":{"line":13,"column":0}},"13":{"start":{"line":14,"column":0},"end":{"line":14,"column":44}},"14":{"start":{"line":15,"column":0},"end":{"line":15,"column":14}},"15":{"start":{"line":16,"column":0},"end":{"line":16,"column":10}},"16":{"start":{"line":17,"column":0},"end":{"line":17,"column":86}},"17":{"start":{"line":18,"column":0},"end":{"line":18,"column":93}},"18":{"start":{"line":19,"column":0},"end":{"line":19,"column":19}},"19":{"start":{"line":20,"column":0},"end":{"line":20,"column":15}},"20":{"start":{"line":21,"column":0},"end":{"line":21,"column":1}},"21":{"start":{"line":22,"column":0},"end":{"line":22,"column":0}},"22":{"start":{"line":23,"column":0},"end":{"line":23,"column":30}},"23":{"start":{"line":24,"column":0},"end":{"line":24,"column":61}},"24":{"start":{"line":25,"column":0},"end":{"line":25,"column":1}},"25":{"start":{"line":26,"column":0},"end":{"line":26,"column":0}},"26":{"start":{"line":27,"column":0},"end":{"line":27,"column":34}},"27":{"start":{"line":28,"column":0},"end":{"line":28,"column":77}},"28":{"start":{"line":29,"column":0},"end":{"line":29,"column":77}},"29":{"start":{"line":30,"column":0},"end":{"line":30,"column":98}},"30":{"start":{"line":31,"column":0},"end":{"line":31,"column":79}},"31":{"start":{"line":32,"column":0},"end":{"line":32,"column":78}},"32":{"start":{"line":33,"column":0},"end":{"line":33,"column":127}},"33":{"start":{"line":34,"column":0},"end":{"line":34,"column":77}},"34":{"start":{"line":35,"column":0},"end":{"line":35,"column":84}},"35":{"start":{"line":36,"column":0},"end":{"line":36,"column":0}},"36":{"start":{"line":37,"column":0},"end":{"line":37,"column":36}},"37":{"start":{"line":38,"column":0},"end":{"line":38,"column":28}},"38":{"start":{"line":39,"column":0},"end":{"line":39,"column":17}},"39":{"start":{"line":40,"column":0},"end":{"line":40,"column":37}},"40":{"start":{"line":41,"column":0},"end":{"line":41,"column":67}},"41":{"start":{"line":42,"column":0},"end":{"line":42,"column":62}},"42":{"start":{"line":43,"column":0},"end":{"line":43,"column":20}},"43":{"start":{"line":44,"column":0},"end":{"line":44,"column":1}}},"s":{"0":1,"1":1,"2":1,"3":1,"4":1,"5":1,"6":1,"7":1,"8":1,"9":1,"10":1,"11":1,"12":1,"13":1,"14":1,"15":1,"16":1,"17":1,"18":1,"19":1,"20":1,"21":1,"22":1,"23":1,"24":1,"25":1,"26":1,"27":1,"28":1,"29":1,"30":1,"31":1,"32":1,"33":1,"34":1,"35":1,"36":1,"37":1,"38":1,"39":1,"40":1,"41":1,"42":1,"43":1},"branchMap":{},"b":{},"fnMap":{},"f":{}}
,"/Users/naveenbhavnani/webhook-signature/src/utils.ts": {"path":"/Users/naveenbhavnani/webhook-signature/src/utils.ts","all":false,"statementMap":{"0":{"start":{"line":1,"column":0},"end":{"line":1,"column":53}},"1":{"start":{"line":2,"column":0},"end":{"line":2,"column":0}},"2":{"start":{"line":3,"column":0},"end":{"line":3,"column":113}},"3":{"start":{"line":4,"column":0},"end":{"line":4,"column":85}},"4":{"start":{"line":5,"column":0},"end":{"line":5,"column":43}},"5":{"start":{"line":6,"column":0},"end":{"line":6,"column":36}},"6":{"start":{"line":7,"column":0},"end":{"line":7,"column":33}},"7":{"start":{"line":8,"column":0},"end":{"line":8,"column":1}},"8":{"start":{"line":9,"column":0},"end":{"line":9,"column":0}},"9":{"start":{"line":10,"column":0},"end":{"line":10,"column":57}},"10":{"start":{"line":11,"column":0},"end":{"line":11,"column":66}},"11":{"start":{"line":12,"column":0},"end":{"line":12,"column":1}},"12":{"start":{"line":13,"column":0},"end":{"line":13,"column":0}},"13":{"start":{"line":14,"column":0},"end":{"line":14,"column":130}},"14":{"start":{"line":15,"column":0},"end":{"line":15,"column":69}},"15":{"start":{"line":16,"column":0},"end":{"line":16,"column":1}},"16":{"start":{"line":17,"column":0},"end":{"line":17,"column":0}},"17":{"start":{"line":18,"column":0},"end":{"line":18,"column":66}},"18":{"start":{"line":19,"column":0},"end":{"line":19,"column":28}},"19":{"start":{"line":20,"column":0},"end":{"line":20,"column":28}},"20":{"start":{"line":21,"column":0},"end":{"line":21,"column":44}},"21":{"start":{"line":22,"column":0},"end":{"line":22,"column":65}},"22":{"start":{"line":23,"column":0},"end":{"line":23,"column":1}},"23":{"start":{"line":24,"column":0},"end":{"line":24,"column":0}},"24":{"start":{"line":25,"column":0},"end":{"line":25,"column":76}},"25":{"start":{"line":26,"column":0},"end":{"line":26,"column":0}},"26":{"start":{"line":27,"column":0},"end":{"line":27,"column":73}},"27":{"start":{"line":28,"column":0},"end":{"line":28,"column":91}},"28":{"start":{"line":29,"column":0},"end":{"line":29,"column":28}},"29":{"start":{"line":30,"column":0},"end":{"line":30,"column":3}},"30":{"start":{"line":31,"column":0},"end":{"line":31,"column":13}},"31":{"start":{"line":32,"column":0},"end":{"line":32,"column":1}}},"s":{"0":1,"1":1,"2":1,"3":161,"4":161,"5":161,"6":159,"7":159,"8":1,"9":1,"10":132,"11":132,"12":1,"13":1,"14":76,"15":76,"16":1,"17":1,"18":90,"19":90,"20":90,"21":90,"22":90,"23":1,"24":1,"25":1,"26":1,"27":11,"28":3,"29":3,"30":8,"31":8},"branchMap":{"0":{"type":"branch","line":3,"loc":{"start":{"line":3,"column":7},"end":{"line":8,"column":1}},"locations":[{"start":{"line":3,"column":7},"end":{"line":8,"column":1}}]},"1":{"type":"branch","line":5,"loc":{"start":{"line":5,"column":12},"end":{"line":5,"column":33}},"locations":[{"start":{"line":5,"column":12},"end":{"line":5,"column":33}}]},"2":{"type":"branch","line":5,"loc":{"start":{"line":5,"column":29},"end":{"line":5,"column":43}},"locations":[{"start":{"line":5,"column":29},"end":{"line":5,"column":43}}]},"3":{"type":"branch","line":6,"loc":{"start":{"line":6,"column":24},"end":{"line":6,"column":36}},"locations":[{"start":{"line":6,"column":24},"end":{"line":6,"column":36}}]},"4":{"type":"branch","line":6,"loc":{"start":{"line":6,"column":34},"end":{"line":8,"column":1}},"locations":[{"start":{"line":6,"column":34},"end":{"line":8,"column":1}}]},"5":{"type":"branch","line":4,"loc":{"start":{"line":4,"column":40},"end":{"line":4,"column":83}},"locations":[{"start":{"line":4,"column":40},"end":{"line":4,"column":83}}]},"6":{"type":"branch","line":10,"loc":{"start":{"line":10,"column":7},"end":{"line":12,"column":1}},"locations":[{"start":{"line":10,"column":7},"end":{"line":12,"column":1}}]},"7":{"type":"branch","line":11,"loc":{"start":{"line":11,"column":29},"end":{"line":11,"column":40}},"locations":[{"start":{"line":11,"column":29},"end":{"line":11,"column":40}}]},"8":{"type":"branch","line":11,"loc":{"start":{"line":11,"column":33},"end":{"line":11,"column":66}},"locations":[{"start":{"line":11,"column":33},"end":{"line":11,"column":66}}]},"9":{"type":"branch","line":14,"loc":{"start":{"line":14,"column":7},"end":{"line":16,"column":1}},"locations":[{"start":{"line":14,"column":7},"end":{"line":16,"column":1}}]},"10":{"type":"branch","line":18,"loc":{"start":{"line":18,"column":7},"end":{"line":23,"column":1}},"locations":[{"start":{"line":18,"column":7},"end":{"line":23,"column":1}}]},"11":{"type":"branch","line":21,"loc":{"start":{"line":21,"column":31},"end":{"line":21,"column":44}},"locations":[{"start":{"line":21,"column":31},"end":{"line":21,"column":44}}]},"12":{"type":"branch","line":21,"loc":{"start":{"line":21,"column":38},"end":{"line":22,"column":48}},"locations":[{"start":{"line":21,"column":38},"end":{"line":22,"column":48}}]},"13":{"type":"branch","line":22,"loc":{"start":{"line":22,"column":40},"end":{"line":22,"column":65}},"locations":[{"start":{"line":22,"column":40},"end":{"line":22,"column":65}}]},"14":{"type":"branch","line":25,"loc":{"start":{"line":25,"column":7},"end":{"line":25,"column":76}},"locations":[{"start":{"line":25,"column":7},"end":{"line":25,"column":76}}]},"15":{"type":"branch","line":27,"loc":{"start":{"line":27,"column":7},"end":{"line":32,"column":1}},"locations":[{"start":{"line":27,"column":7},"end":{"line":32,"column":1}}]},"16":{"type":"branch","line":28,"loc":{"start":{"line":28,"column":14},"end":{"line":28,"column":44}},"locations":[{"start":{"line":28,"column":14},"end":{"line":28,"column":44}}]},"17":{"type":"branch","line":28,"loc":{"start":{"line":28,"column":35},"end":{"line":28,"column":90}},"locations":[{"start":{"line":28,"column":35},"end":{"line":28,"column":90}}]},"18":{"type":"branch","line":28,"loc":{"start":{"line":28,"column":59},"end":{"line":28,"column":90}},"locations":[{"start":{"line":28,"column":59},"end":{"line":28,"column":90}}]},"19":{"type":"branch","line":28,"loc":{"start":{"line":28,"column":90},"end":{"line":30,"column":3}},"locations":[{"start":{"line":28,"column":90},"end":{"line":30,"column":3}}]},"20":{"type":"branch","line":30,"loc":{"start":{"line":30,"column":2},"end":{"line":32,"column":1}},"locations":[{"start":{"line":30,"column":2},"end":{"line":32,"column":1}}]}},"b":{"0":[161],"1":[96],"2":[65],"3":[2],"4":[159],"5":[167],"6":[132],"7":[56],"8":[76],"9":[76],"10":[90],"11":[13],"12":[77],"13":[0],"14":[15],"15":[11],"16":[10],"17":[9],"18":[2],"19":[3],"20":[8]},"fnMap":{"0":{"name":"getHeader","decl":{"start":{"line":3,"column":7},"end":{"line":8,"column":1}},"loc":{"start":{"line":3,"column":7},"end":{"line":8,"column":1}},"line":3},"1":{"name":"toBuffer","decl":{"start":{"line":10,"column":7},"end":{"line":12,"column":1}},"loc":{"start":{"line":10,"column":7},"end":{"line":12,"column":1}},"line":10},"2":{"name":"hmac","decl":{"start":{"line":14,"column":7},"end":{"line":16,"column":1}},"loc":{"start":{"line":14,"column":7},"end":{"line":16,"column":1}},"line":14},"3":{"name":"constTimeEqualStr","decl":{"start":{"line":18,"column":7},"end":{"line":23,"column":1}},"loc":{"start":{"line":18,"column":7},"end":{"line":23,"column":1}},"line":18},"4":{"name":"nowSeconds","decl":{"start":{"line":25,"column":7},"end":{"line":25,"column":76}},"loc":{"start":{"line":25,"column":7},"end":{"line":25,"column":76}},"line":25},"5":{"name":"ensure","decl":{"start":{"line":27,"column":7},"end":{"line":32,"column":1}},"loc":{"start":{"line":27,"column":7},"end":{"line":32,"column":1}},"line":27}},"f":{"0":161,"1":132,"2":76,"3":90,"4":15,"5":11}}
,"/Users/naveenbhavnani/webhook-signature/src/adapters/aws.ts": {"path":"/Users/naveenbhavnani/webhook-signature/src/adapters/aws.ts","all":false,"statementMap":{"0":{"start":{"line":1,"column":0},"end":{"line":1,"column":53}},"1":{"start":{"line":2,"column":0},"end":{"line":2,"column":44}},"2":{"start":{"line":3,"column":0},"end":{"line":3,"column":0}},"3":{"start":{"line":4,"column":0},"end":{"line":4,"column":105}},"4":{"start":{"line":5,"column":0},"end":{"line":5,"column":74}},"5":{"start":{"line":6,"column":0},"end":{"line":6,"column":40}},"6":{"start":{"line":7,"column":0},"end":{"line":7,"column":83}},"7":{"start":{"line":8,"column":0},"end":{"line":8,"column":63}},"8":{"start":{"line":9,"column":0},"end":{"line":9,"column":1}}},"s":{"0":1,"1":1,"2":1,"3":2,"4":2,"5":2,"6":2,"7":2,"8":2},"branchMap":{"0":{"type":"branch","line":4,"loc":{"start":{"line":4,"column":0},"end":{"line":9,"column":1}},"locations":[{"start":{"line":4,"column":0},"end":{"line":9,"column":1}}]},"1":{"type":"branch","line":5,"loc":{"start":{"line":5,"column":25},"end":{"line":5,"column":74}},"locations":[{"start":{"line":5,"column":25},"end":{"line":5,"column":74}}]},"2":{"type":"branch","line":7,"loc":{"start":{"line":7,"column":44},"end":{"line":7,"column":56}},"locations":[{"start":{"line":7,"column":44},"end":{"line":7,"column":56}}]},"3":{"type":"branch","line":7,"loc":{"start":{"line":7,"column":56},"end":{"line":7,"column":75}},"locations":[{"start":{"line":7,"column":56},"end":{"line":7,"column":75}}]},"4":{"type":"branch","line":7,"loc":{"start":{"line":7,"column":64},"end":{"line":7,"column":81}},"locations":[{"start":{"line":7,"column":64},"end":{"line":7,"column":81}}]}},"b":{"0":[2],"1":[0],"2":[0],"3":[1],"4":[1]},"fnMap":{"0":{"name":"awsLambdaVerify","decl":{"start":{"line":4,"column":0},"end":{"line":9,"column":1}},"loc":{"start":{"line":4,"column":0},"end":{"line":9,"column":1}},"line":4}},"f":{"0":2}}
,"/Users/naveenbhavnani/webhook-signature/src/adapters/cf.ts": {"path":"/Users/naveenbhavnani/webhook-signature/src/adapters/cf.ts","all":false,"statementMap":{"0":{"start":{"line":1,"column":0},"end":{"line":1,"column":44}},"1":{"start":{"line":2,"column":0},"end":{"line":2,"column":53}},"2":{"start":{"line":3,"column":0},"end":{"line":3,"column":0}},"3":{"start":{"line":4,"column":0},"end":{"line":4,"column":104}},"4":{"start":{"line":5,"column":0},"end":{"line":5,"column":39}},"5":{"start":{"line":6,"column":0},"end":{"line":6,"column":79}},"6":{"start":{"line":7,"column":0},"end":{"line":7,"column":77}},"7":{"start":{"line":8,"column":0},"end":{"line":8,"column":16}},"8":{"start":{"line":9,"column":0},"end":{"line":9,"column":1}}},"s":{"0":1,"1":1,"2":1,"3":2,"4":2,"5":2,"6":2,"7":2,"8":2},"branchMap":{"0":{"type":"branch","line":4,"loc":{"start":{"line":4,"column":0},"end":{"line":9,"column":1}},"locations":[{"start":{"line":4,"column":0},"end":{"line":9,"column":1}}]}},"b":{"0":[2]},"fnMap":{"0":{"name":"cfVerify","decl":{"start":{"line":4,"column":0},"end":{"line":9,"column":1}},"loc":{"start":{"line":4,"column":0},"end":{"line":9,"column":1}},"line":4}},"f":{"0":2}}
,"/Users/naveenbhavnani/webhook-signature/src/adapters/express.ts": {"path":"/Users/naveenbhavnani/webhook-signature/src/adapters/express.ts","all":false,"statementMap":{"0":{"start":{"line":1,"column":0},"end":{"line":1,"column":79}},"1":{"start":{"line":2,"column":0},"end":{"line":2,"column":44}},"2":{"start":{"line":3,"column":0},"end":{"line":3,"column":73}},"3":{"start":{"line":4,"column":0},"end":{"line":4,"column":0}},"4":{"start":{"line":5,"column":0},"end":{"line":5,"column":42}},"5":{"start":{"line":6,"column":0},"end":{"line":6,"column":21}},"6":{"start":{"line":7,"column":0},"end":{"line":7,"column":29}},"7":{"start":{"line":8,"column":0},"end":{"line":8,"column":28}},"8":{"start":{"line":9,"column":0},"end":{"line":9,"column":29}},"9":{"start":{"line":10,"column":0},"end":{"line":10,"column":21}},"10":{"start":{"line":11,"column":0},"end":{"line":11,"column":28}},"11":{"start":{"line":12,"column":0},"end":{"line":12,"column":121}},"12":{"start":{"line":13,"column":0},"end":{"line":13,"column":20}},"13":{"start":{"line":14,"column":0},"end":{"line":14,"column":82}},"14":{"start":{"line":15,"column":0},"end":{"line":15,"column":9}},"15":{"start":{"line":16,"column":0},"end":{"line":16,"column":78}},"16":{"start":{"line":17,"column":0},"end":{"line":17,"column":147}},"17":{"start":{"line":18,"column":0},"end":{"line":18,"column":73}},"18":{"start":{"line":19,"column":0},"end":{"line":19,"column":38}},"19":{"start":{"line":20,"column":0},"end":{"line":20,"column":120}},"20":{"start":{"line":21,"column":0},"end":{"line":21,"column":66}},"21":{"start":{"line":22,"column":0},"end":{"line":22,"column":63}},"22":{"start":{"line":23,"column":0},"end":{"line":23,"column":38}},"23":{"start":{"line":24,"column":0},"end":{"line":24,"column":47}},"24":{"start":{"line":25,"column":0},"end":{"line":25,"column":58}},"25":{"start":{"line":26,"column":0},"end":{"line":26,"column":63}},"26":{"start":{"line":27,"column":0},"end":{"line":27,"column":39}},"27":{"start":{"line":28,"column":0},"end":{"line":28,"column":22}},"28":{"start":{"line":29,"column":0},"end":{"line":29,"column":111}},"29":{"start":{"line":30,"column":0},"end":{"line":30,"column":5}},"30":{"start":{"line":31,"column":0},"end":{"line":31,"column":4}},"31":{"start":{"line":32,"column":0},"end":{"line":32,"column":1}}},"s":{"0":1,"1":1,"2":1,"3":1,"4":1,"5":6,"6":6,"7":6,"8":6,"9":6,"10":6,"11":6,"12":6,"13":6,"14":6,"15":6,"16":6,"17":5,"18":5,"19":5,"20":6,"21":5,"22":4,"23":5,"24":6,"25":6,"26":3,"27":6,"28":0,"29":0,"30":6,"31":6},"branchMap":{"0":{"type":"branch","line":5,"loc":{"start":{"line":5,"column":7},"end":{"line":32,"column":1}},"locations":[{"start":{"line":5,"column":7},"end":{"line":32,"column":1}}]},"1":{"type":"branch","line":14,"loc":{"start":{"line":14,"column":9},"end":{"line":31,"column":4}},"locations":[{"start":{"line":14,"column":9},"end":{"line":31,"column":4}}]},"2":{"type":"branch","line":16,"loc":{"start":{"line":16,"column":31},"end":{"line":16,"column":68}},"locations":[{"start":{"line":16,"column":31},"end":{"line":16,"column":68}}]},"3":{"type":"branch","line":16,"loc":{"start":{"line":16,"column":55},"end":{"line":16,"column":68}},"locations":[{"start":{"line":16,"column":55},"end":{"line":16,"column":68}}]},"4":{"type":"branch","line":16,"loc":{"start":{"line":16,"column":61},"end":{"line":16,"column":78}},"locations":[{"start":{"line":16,"column":61},"end":{"line":16,"column":78}}]},"5":{"type":"branch","line":17,"loc":{"start":{"line":17,"column":16},"end":{"line":17,"column":147}},"locations":[{"start":{"line":17,"column":16},"end":{"line":17,"column":147}}]},"6":{"type":"branch","line":17,"loc":{"start":{"line":17,"column":145},"end":{"line":21,"column":44}},"locations":[{"start":{"line":17,"column":145},"end":{"line":21,"column":44}}]},"7":{"type":"branch","line":21,"loc":{"start":{"line":21,"column":39},"end":{"line":21,"column":66}},"locations":[{"start":{"line":21,"column":39},"end":{"line":21,"column":66}}]},"8":{"type":"branch","line":21,"loc":{"start":{"line":21,"column":59},"end":{"line":25,"column":29}},"locations":[{"start":{"line":21,"column":59},"end":{"line":25,"column":29}}]},"9":{"type":"branch","line":22,"loc":{"start":{"line":22,"column":38},"end":{"line":22,"column":63}},"locations":[{"start":{"line":22,"column":38},"end":{"line":22,"column":63}}]},"10":{"type":"branch","line":22,"loc":{"start":{"line":22,"column":57},"end":{"line":23,"column":38}},"locations":[{"start":{"line":22,"column":57},"end":{"line":23,"column":38}}]},"11":{"type":"branch","line":25,"loc":{"start":{"line":25,"column":22},"end":{"line":25,"column":58}},"locations":[{"start":{"line":25,"column":22},"end":{"line":25,"column":58}}]},"12":{"type":"branch","line":25,"loc":{"start":{"line":25,"column":56},"end":{"line":26,"column":31}},"locations":[{"start":{"line":25,"column":56},"end":{"line":26,"column":31}}]},"13":{"type":"branch","line":26,"loc":{"start":{"line":26,"column":18},"end":{"line":26,"column":63}},"locations":[{"start":{"line":26,"column":18},"end":{"line":26,"column":63}}]},"14":{"type":"branch","line":26,"loc":{"start":{"line":26,"column":61},"end":{"line":28,"column":13}},"locations":[{"start":{"line":26,"column":61},"end":{"line":28,"column":13}}]},"15":{"type":"branch","line":28,"loc":{"start":{"line":28,"column":4},"end":{"line":30,"column":5}},"locations":[{"start":{"line":28,"column":4},"end":{"line":30,"column":5}}]}},"b":{"0":[6],"1":[6],"2":[1],"3":[0],"4":[1],"5":[1],"6":[5],"7":[0],"8":[5],"9":[1],"10":[4],"11":[2],"12":[3],"13":[1],"14":[3],"15":[0]},"fnMap":{"0":{"name":"expressMiddleware","decl":{"start":{"line":5,"column":7},"end":{"line":32,"column":1}},"loc":{"start":{"line":5,"column":7},"end":{"line":32,"column":1}},"line":5},"1":{"name":"handler","decl":{"start":{"line":14,"column":9},"end":{"line":31,"column":4}},"loc":{"start":{"line":14,"column":9},"end":{"line":31,"column":4}},"line":14}},"f":{"0":6,"1":6}}
,"/Users/naveenbhavnani/webhook-signature/src/adapters/fastify.ts": {"path":"/Users/naveenbhavnani/webhook-signature/src/adapters/fastify.ts","all":false,"statementMap":{"0":{"start":{"line":1,"column":0},"end":{"line":1,"column":77}},"1":{"start":{"line":2,"column":0},"end":{"line":2,"column":44}},"2":{"start":{"line":3,"column":0},"end":{"line":3,"column":73}},"3":{"start":{"line":4,"column":0},"end":{"line":4,"column":0}},"4":{"start":{"line":5,"column":0},"end":{"line":5,"column":70}},"5":{"start":{"line":6,"column":0},"end":{"line":6,"column":21}},"6":{"start":{"line":7,"column":0},"end":{"line":7,"column":29}},"7":{"start":{"line":8,"column":0},"end":{"line":8,"column":28}},"8":{"start":{"line":9,"column":0},"end":{"line":9,"column":29}},"9":{"start":{"line":10,"column":0},"end":{"line":10,"column":21}},"10":{"start":{"line":11,"column":0},"end":{"line":11,"column":28}},"11":{"start":{"line":12,"column":0},"end":{"line":12,"column":131}},"12":{"start":{"line":13,"column":0},"end":{"line":13,"column":19}},"13":{"start":{"line":14,"column":0},"end":{"line":14,"column":90}},"14":{"start":{"line":15,"column":0},"end":{"line":15,"column":9}},"15":{"start":{"line":16,"column":0},"end":{"line":16,"column":86}},"16":{"start":{"line":17,"column":0},"end":{"line":17,"column":17}},"17":{"start":{"line":18,"column":0},"end":{"line":18,"column":33}},"18":{"start":{"line":19,"column":0},"end":{"line":19,"column":21}},"19":{"start":{"line":20,"column":0},"end":{"line":20,"column":38}},"20":{"start":{"line":21,"column":0},"end":{"line":21,"column":72}},"21":{"start":{"line":22,"column":0},"end":{"line":22,"column":11}},"22":{"start":{"line":23,"column":0},"end":{"line":23,"column":15}},"23":{"start":{"line":24,"column":0},"end":{"line":24,"column":7}},"24":{"start":{"line":25,"column":0},"end":{"line":25,"column":0}},"25":{"start":{"line":26,"column":0},"end":{"line":26,"column":80}},"26":{"start":{"line":27,"column":0},"end":{"line":27,"column":37}},"27":{"start":{"line":28,"column":0},"end":{"line":28,"column":32}},"28":{"start":{"line":29,"column":0},"end":{"line":29,"column":18}},"29":{"start":{"line":30,"column":0},"end":{"line":30,"column":17}},"30":{"start":{"line":31,"column":0},"end":{"line":31,"column":22}},"31":{"start":{"line":32,"column":0},"end":{"line":32,"column":35}},"32":{"start":{"line":33,"column":0},"end":{"line":33,"column":38}},"33":{"start":{"line":34,"column":0},"end":{"line":34,"column":8}},"34":{"start":{"line":35,"column":0},"end":{"line":35,"column":0}},"35":{"start":{"line":36,"column":0},"end":{"line":36,"column":40}},"36":{"start":{"line":37,"column":0},"end":{"line":37,"column":40}},"37":{"start":{"line":38,"column":0},"end":{"line":38,"column":41}},"38":{"start":{"line":39,"column":0},"end":{"line":39,"column":38}},"39":{"start":{"line":40,"column":0},"end":{"line":40,"column":14}},"40":{"start":{"line":41,"column":0},"end":{"line":41,"column":40}},"41":{"start":{"line":42,"column":0},"end":{"line":42,"column":7}},"42":{"start":{"line":43,"column":0},"end":{"line":43,"column":0}},"43":{"start":{"line":44,"column":0},"end":{"line":44,"column":53}},"44":{"start":{"line":45,"column":0},"end":{"line":45,"column":23}},"45":{"start":{"line":46,"column":0},"end":{"line":46,"column":39}},"46":{"start":{"line":47,"column":0},"end":{"line":47,"column":15}},"47":{"start":{"line":48,"column":0},"end":{"line":48,"column":7}},"48":{"start":{"line":49,"column":0},"end":{"line":49,"column":0}},"49":{"start":{"line":50,"column":0},"end":{"line":50,"column":71}},"50":{"start":{"line":51,"column":0},"end":{"line":51,"column":35}},"51":{"start":{"line":52,"column":0},"end":{"line":52,"column":22}},"52":{"start":{"line":53,"column":0},"end":{"line":53,"column":31}},"53":{"start":{"line":54,"column":0},"end":{"line":54,"column":19}},"54":{"start":{"line":55,"column":0},"end":{"line":55,"column":40}},"55":{"start":{"line":56,"column":0},"end":{"line":56,"column":39}},"56":{"start":{"line":57,"column":0},"end":{"line":57,"column":9}},"57":{"start":{"line":58,"column":0},"end":{"line":58,"column":5}},"58":{"start":{"line":59,"column":0},"end":{"line":59,"column":5}},"59":{"start":{"line":60,"column":0},"end":{"line":60,"column":1}}},"s":{"0":1,"1":1,"2":1,"3":1,"4":7,"5":7,"6":7,"7":7,"8":7,"9":7,"10":7,"11":7,"12":7,"13":7,"14":6,"15":6,"16":6,"17":1,"18":1,"19":1,"20":1,"21":1,"22":1,"23":1,"24":4,"25":4,"26":4,"27":4,"28":4,"29":4,"30":4,"31":4,"32":4,"33":4,"34":4,"35":6,"36":0,"37":6,"38":1,"39":4,"40":3,"41":3,"42":4,"43":4,"44":6,"45":1,"46":1,"47":1,"48":3,"49":6,"50":3,"51":6,"52":1,"53":1,"54":1,"55":1,"56":1,"57":1,"58":7,"59":7},"branchMap":{"0":{"type":"branch","line":5,"loc":{"start":{"line":5,"column":0},"end":{"line":60,"column":1}},"locations":[{"start":{"line":5,"column":0},"end":{"line":60,"column":1}}]},"1":{"type":"branch","line":14,"loc":{"start":{"line":14,"column":33},"end":{"line":59,"column":3}},"locations":[{"start":{"line":14,"column":33},"end":{"line":59,"column":3}}]},"2":{"type":"branch","line":16,"loc":{"start":{"line":16,"column":35},"end":{"line":16,"column":76}},"locations":[{"start":{"line":16,"column":35},"end":{"line":16,"column":76}}]},"3":{"type":"branch","line":16,"loc":{"start":{"line":16,"column":63},"end":{"line":16,"column":76}},"locations":[{"start":{"line":16,"column":63},"end":{"line":16,"column":76}}]},"4":{"type":"branch","line":16,"loc":{"start":{"line":16,"column":69},"end":{"line":16,"column":86}},"locations":[{"start":{"line":16,"column":69},"end":{"line":16,"column":86}}]},"5":{"type":"branch","line":17,"loc":{"start":{"line":17,"column":16},"end":{"line":24,"column":7}},"locations":[{"start":{"line":17,"column":16},"end":{"line":24,"column":7}}]},"6":{"type":"branch","line":24,"loc":{"start":{"line":24,"column":6},"end":{"line":36,"column":39}},"locations":[{"start":{"line":24,"column":6},"end":{"line":36,"column":39}}]},"7":{"type":"branch","line":36,"loc":{"start":{"line":36,"column":39},"end":{"line":38,"column":17}},"locations":[{"start":{"line":36,"column":39},"end":{"line":38,"column":17}}]},"8":{"type":"branch","line":38,"loc":{"start":{"line":38,"column":6},"end":{"line":45,"column":22}},"locations":[{"start":{"line":38,"column":6},"end":{"line":45,"column":22}}]},"9":{"type":"branch","line":38,"loc":{"start":{"line":38,"column":40},"end":{"line":40,"column":13}},"locations":[{"start":{"line":38,"column":40},"end":{"line":40,"column":13}}]},"10":{"type":"branch","line":40,"loc":{"start":{"line":40,"column":6},"end":{"line":42,"column":7}},"locations":[{"start":{"line":40,"column":6},"end":{"line":42,"column":7}}]},"11":{"type":"branch","line":45,"loc":{"start":{"line":45,"column":22},"end":{"line":48,"column":7}},"locations":[{"start":{"line":45,"column":22},"end":{"line":48,"column":7}}]},"12":{"type":"branch","line":48,"loc":{"start":{"line":48,"column":6},"end":{"line":50,"column":30}},"locations":[{"start":{"line":48,"column":6},"end":{"line":50,"column":30}}]},"13":{"type":"branch","line":50,"loc":{"start":{"line":50,"column":17},"end":{"line":50,"column":71}},"locations":[{"start":{"line":50,"column":17},"end":{"line":50,"column":71}}]},"14":{"type":"branch","line":50,"loc":{"start":{"line":50,"column":69},"end":{"line":52,"column":13}},"locations":[{"start":{"line":50,"column":69},"end":{"line":52,"column":13}}]},"15":{"type":"branch","line":52,"loc":{"start":{"line":52,"column":4},"end":{"line":58,"column":5}},"locations":[{"start":{"line":52,"column":4},"end":{"line":58,"column":5}}]},"16":{"type":"branch","line":56,"loc":{"start":{"line":56,"column":20},"end":{"line":56,"column":39}},"locations":[{"start":{"line":56,"column":20},"end":{"line":56,"column":39}}]}},"b":{"0":[7],"1":[6],"2":[1],"3":[0],"4":[1],"5":[1],"6":[4],"7":[0],"8":[4],"9":[1],"10":[3],"11":[1],"12":[3],"13":[1],"14":[3],"15":[1],"16":[0]},"fnMap":{"0":{"name":"fastifyPlugin","decl":{"start":{"line":5,"column":0},"end":{"line":60,"column":1}},"loc":{"start":{"line":5,"column":0},"end":{"line":60,"column":1}},"line":5}},"f":{"0":7}}
,"/Users/naveenbhavnani/webhook-signature/src/adapters/next.ts": {"path":"/Users/naveenbhavnani/webhook-signature/src/adapters/next.ts","all":false,"statementMap":{"0":{"start":{"line":1,"column":0},"end":{"line":1,"column":60}},"1":{"start":{"line":2,"column":0},"end":{"line":2,"column":44}},"2":{"start":{"line":3,"column":0},"end":{"line":3,"column":53}},"3":{"start":{"line":4,"column":0},"end":{"line":4,"column":0}},"4":{"start":{"line":5,"column":0},"end":{"line":5,"column":131}},"5":{"start":{"line":6,"column":0},"end":{"line":6,"column":66}},"6":{"start":{"line":7,"column":0},"end":{"line":7,"column":32}},"7":{"start":{"line":8,"column":0},"end":{"line":8,"column":76}},"8":{"start":{"line":9,"column":0},"end":{"line":9,"column":56}},"9":{"start":{"line":10,"column":0},"end":{"line":10,"column":28}},"10":{"start":{"line":11,"column":0},"end":{"line":11,"column":5}},"11":{"start":{"line":12,"column":0},"end":{"line":12,"column":72}},"12":{"start":{"line":13,"column":0},"end":{"line":13,"column":77}},"13":{"start":{"line":14,"column":0},"end":{"line":14,"column":16}},"14":{"start":{"line":15,"column":0},"end":{"line":15,"column":1}}},"s":{"0":1,"1":1,"2":1,"3":1,"4":1,"5":1,"6":1,"7":1,"8":1,"9":1,"10":1,"11":1,"12":1,"13":1,"14":1},"branchMap":{"0":{"type":"branch","line":5,"loc":{"start":{"line":5,"column":0},"end":{"line":15,"column":1}},"locations":[{"start":{"line":5,"column":0},"end":{"line":15,"column":1}}]},"1":{"type":"branch","line":12,"loc":{"start":{"line":12,"column":23},"end":{"line":12,"column":72}},"locations":[{"start":{"line":12,"column":23},"end":{"line":12,"column":72}}]},"2":{"type":"branch","line":6,"loc":{"start":{"line":6,"column":44},"end":{"line":11,"column":3}},"locations":[{"start":{"line":6,"column":44},"end":{"line":11,"column":3}}]},"3":{"type":"branch","line":8,"loc":{"start":{"line":8,"column":19},"end":{"line":8,"column":74}},"locations":[{"start":{"line":8,"column":19},"end":{"line":8,"column":74}}]},"4":{"type":"branch","line":8,"loc":{"start":{"line":8,"column":57},"end":{"line":8,"column":73}},"locations":[{"start":{"line":8,"column":57},"end":{"line":8,"column":73}}]},"5":{"type":"branch","line":9,"loc":{"start":{"line":9,"column":18},"end":{"line":9,"column":54}},"locations":[{"start":{"line":9,"column":18},"end":{"line":9,"column":54}}]}},"b":{"0":[1],"1":[0],"2":[1],"3":[1],"4":[0],"5":[1]},"fnMap":{"0":{"name":"nextVerify","decl":{"start":{"line":5,"column":0},"end":{"line":15,"column":1}},"loc":{"start":{"line":5,"column":0},"end":{"line":15,"column":1}},"line":5},"1":{"name":"rawBody","decl":{"start":{"line":6,"column":44},"end":{"line":11,"column":3}},"loc":{"start":{"line":6,"column":44},"end":{"line":11,"column":3}},"line":6}},"f":{"0":1,"1":1}}
,"/Users/naveenbhavnani/webhook-signature/src/providers/genericHmac.ts": {"path":"/Users/naveenbhavnani/webhook-signature/src/providers/genericHmac.ts","all":false,"statementMap":{"0":{"start":{"line":1,"column":0},"end":{"line":1,"column":80}},"1":{"start":{"line":2,"column":0},"end":{"line":2,"column":72}},"2":{"start":{"line":3,"column":0},"end":{"line":3,"column":0}},"3":{"start":{"line":4,"column":0},"end":{"line":4,"column":130}},"4":{"start":{"line":5,"column":0},"end":{"line":5,"column":43}},"5":{"start":{"line":6,"column":0},"end":{"line":6,"column":26}},"6":{"start":{"line":7,"column":0},"end":{"line":7,"column":51}},"7":{"start":{"line":8,"column":0},"end":{"line":8,"column":99}},"8":{"start":{"line":9,"column":0},"end":{"line":9,"column":34}},"9":{"start":{"line":10,"column":0},"end":{"line":10,"column":119}},"10":{"start":{"line":11,"column":0},"end":{"line":11,"column":68}},"11":{"start":{"line":12,"column":0},"end":{"line":12,"column":0}},"12":{"start":{"line":13,"column":0},"end":{"line":13,"column":72}},"13":{"start":{"line":14,"column":0},"end":{"line":14,"column":49}},"14":{"start":{"line":15,"column":0},"end":{"line":15,"column":38}},"15":{"start":{"line":16,"column":0},"end":{"line":16,"column":76}},"16":{"start":{"line":17,"column":0},"end":{"line":17,"column":90}},"17":{"start":{"line":18,"column":0},"end":{"line":18,"column":94}},"18":{"start":{"line":19,"column":0},"end":{"line":19,"column":3}},"19":{"start":{"line":20,"column":0},"end":{"line":20,"column":79}},"20":{"start":{"line":21,"column":0},"end":{"line":21,"column":1}},"21":{"start":{"line":22,"column":0},"end":{"line":22,"column":0}},"22":{"start":{"line":23,"column":0},"end":{"line":23,"column":99}},"23":{"start":{"line":24,"column":0},"end":{"line":24,"column":24}},"24":{"start":{"line":25,"column":0},"end":{"line":25,"column":36}},"25":{"start":{"line":26,"column":0},"end":{"line":26,"column":113}},"26":{"start":{"line":27,"column":0},"end":{"line":27,"column":32}},"27":{"start":{"line":28,"column":0},"end":{"line":28,"column":82}},"28":{"start":{"line":29,"column":0},"end":{"line":29,"column":80}},"29":{"start":{"line":30,"column":0},"end":{"line":30,"column":5}},"30":{"start":{"line":31,"column":0},"end":{"line":31,"column":28}},"31":{"start":{"line":32,"column":0},"end":{"line":32,"column":3}},"32":{"start":{"line":33,"column":0},"end":{"line":33,"column":1}}},"s":{"0":1,"1":1,"2":1,"3":10,"4":10,"5":10,"6":10,"7":10,"8":9,"9":10,"10":10,"11":9,"12":10,"13":10,"14":10,"15":10,"16":10,"17":10,"18":10,"19":1,"20":1,"21":1,"22":9,"23":9,"24":9,"25":9,"26":9,"27":0,"28":0,"29":0,"30":9,"31":9,"32":9},"branchMap":{"0":{"type":"branch","line":4,"loc":{"start":{"line":4,"column":0},"end":{"line":21,"column":1}},"locations":[{"start":{"line":4,"column":0},"end":{"line":21,"column":1}}]},"1":{"type":"branch","line":8,"loc":{"start":{"line":8,"column":18},"end":{"line":8,"column":99}},"locations":[{"start":{"line":8,"column":18},"end":{"line":8,"column":99}}]},"2":{"type":"branch","line":8,"loc":{"start":{"line":8,"column":97},"end":{"line":10,"column":27}},"locations":[{"start":{"line":8,"column":97},"end":{"line":10,"column":27}}]},"3":{"type":"branch","line":10,"loc":{"start":{"line":10,"column":17},"end":{"line":10,"column":67}},"locations":[{"start":{"line":10,"column":17},"end":{"line":10,"column":67}}]},"4":{"type":"branch","line":10,"loc":{"start":{"line":10,"column":67},"end":{"line":10,"column":119}},"locations":[{"start":{"line":10,"column":67},"end":{"line":10,"column":119}}]},"5":{"type":"branch","line":10,"loc":{"start":{"line":10,"column":117},"end":{"line":11,"column":45}},"locations":[{"start":{"line":10,"column":117},"end":{"line":11,"column":45}}]},"6":{"type":"branch","line":11,"loc":{"start":{"line":11,"column":34},"end":{"line":11,"column":68}},"locations":[{"start":{"line":11,"column":34},"end":{"line":11,"column":68}}]},"7":{"type":"branch","line":11,"loc":{"start":{"line":11,"column":66},"end":{"line":13,"column":46}},"locations":[{"start":{"line":11,"column":66},"end":{"line":13,"column":46}}]},"8":{"type":"branch","line":13,"loc":{"start":{"line":13,"column":42},"end":{"line":13,"column":59}},"locations":[{"start":{"line":13,"column":42},"end":{"line":13,"column":59}}]},"9":{"type":"branch","line":13,"loc":{"start":{"line":13,"column":50},"end":{"line":13,"column":72}},"locations":[{"start":{"line":13,"column":50},"end":{"line":13,"column":72}}]},"10":{"type":"branch","line":17,"loc":{"start":{"line":17,"column":32},"end":{"line":17,"column":78}},"locations":[{"start":{"line":17,"column":32},"end":{"line":17,"column":78}}]},"11":{"type":"branch","line":17,"loc":{"start":{"line":17,"column":74},"end":{"line":17,"column":90}},"locations":[{"start":{"line":17,"column":74},"end":{"line":17,"column":90}}]},"12":{"type":"branch","line":18,"loc":{"start":{"line":18,"column":47},"end":{"line":18,"column":94}},"locations":[{"start":{"line":18,"column":47},"end":{"line":18,"column":94}}]},"13":{"type":"branch","line":19,"loc":{"start":{"line":19,"column":2},"end":{"line":21,"column":1}},"locations":[{"start":{"line":19,"column":2},"end":{"line":21,"column":1}}]},"14":{"type":"branch","line":23,"loc":{"start":{"line":23,"column":0},"end":{"line":33,"column":1}},"locations":[{"start":{"line":23,"column":0},"end":{"line":33,"column":1}}]},"15":{"type":"branch","line":26,"loc":{"start":{"line":26,"column":4},"end":{"line":26,"column":113}},"locations":[{"start":{"line":26,"column":4},"end":{"line":26,"column":113}}]},"16":{"type":"branch","line":27,"loc":{"start":{"line":27,"column":4},"end":{"line":30,"column":5}},"locations":[{"start":{"line":27,"column":4},"end":{"line":30,"column":5}}]},"17":{"type":"branch","line":31,"loc":{"start":{"line":31,"column":4},"end":{"line":31,"column":28}},"locations":[{"start":{"line":31,"column":4},"end":{"line":31,"column":28}}]}},"b":{"0":[10],"1":[1],"2":[9],"3":[1],"4":[1],"5":[9],"6":[1],"7":[9],"8":[1],"9":[8],"10":[1],"11":[9],"12":[8],"13":[1],"14":[9],"15":[0],"16":[0],"17":[0]},"fnMap":{"0":{"name":"verifyGenericHmac","decl":{"start":{"line":4,"column":0},"end":{"line":21,"column":1}},"loc":{"start":{"line":4,"column":0},"end":{"line":21,"column":1}},"line":4},"1":{"name":"buildPayload","decl":{"start":{"line":23,"column":0},"end":{"line":33,"column":1}},"loc":{"start":{"line":23,"column":0},"end":{"line":33,"column":1}},"line":23}},"f":{"0":10,"1":9}}
,"/Users/naveenbhavnani/webhook-signature/src/providers/github.ts": {"path":"/Users/naveenbhavnani/webhook-signature/src/providers/github.ts","all":false,"statementMap":{"0":{"start":{"line":1,"column":0},"end":{"line":1,"column":61}},"1":{"start":{"line":2,"column":0},"end":{"line":2,"column":72}},"2":{"start":{"line":3,"column":0},"end":{"line":3,"column":0}},"3":{"start":{"line":4,"column":0},"end":{"line":4,"column":61}},"4":{"start":{"line":5,"column":0},"end":{"line":5,"column":0}},"5":{"start":{"line":6,"column":0},"end":{"line":6,"column":141}},"6":{"start":{"line":7,"column":0},"end":{"line":7,"column":43}},"7":{"start":{"line":8,"column":0},"end":{"line":8,"column":57}},"8":{"start":{"line":9,"column":0},"end":{"line":9,"column":54}},"9":{"start":{"line":10,"column":0},"end":{"line":10,"column":61}},"10":{"start":{"line":11,"column":0},"end":{"line":11,"column":134}},"11":{"start":{"line":12,"column":0},"end":{"line":12,"column":33}},"12":{"start":{"line":13,"column":0},"end":{"line":13,"column":13}},"13":{"start":{"line":14,"column":0},"end":{"line":14,"column":57}},"14":{"start":{"line":15,"column":0},"end":{"line":15,"column":62}},"15":{"start":{"line":16,"column":0},"end":{"line":16,"column":105}},"16":{"start":{"line":17,"column":0},"end":{"line":17,"column":117}},"17":{"start":{"line":18,"column":0},"end":{"line":18,"column":3}},"18":{"start":{"line":19,"column":0},"end":{"line":19,"column":18}},"19":{"start":{"line":20,"column":0},"end":{"line":20,"column":62}},"20":{"start":{"line":21,"column":0},"end":{"line":21,"column":58}},"21":{"start":{"line":22,"column":0},"end":{"line":22,"column":101}},"22":{"start":{"line":23,"column":0},"end":{"line":23,"column":111}},"23":{"start":{"line":24,"column":0},"end":{"line":24,"column":1}}},"s":{"0":1,"1":1,"2":1,"3":1,"4":1,"5":30,"6":30,"7":30,"8":30,"9":30,"10":30,"11":28,"12":30,"13":27,"14":27,"15":27,"16":9,"17":9,"18":1,"19":30,"20":30,"21":30,"22":0,"23":0},"branchMap":{"0":{"type":"branch","line":6,"loc":{"start":{"line":6,"column":0},"end":{"line":24,"column":1}},"locations":[{"start":{"line":6,"column":0},"end":{"line":24,"column":1}}]},"1":{"type":"branch","line":11,"loc":{"start":{"line":11,"column":7},"end":{"line":11,"column":43}},"locations":[{"start":{"line":11,"column":7},"end":{"line":11,"column":43}}]},"2":{"type":"branch","line":11,"loc":{"start":{"line":11,"column":22},"end":{"line":11,"column":43}},"locations":[{"start":{"line":11,"column":22},"end":{"line":11,"column":43}}]},"3":{"type":"branch","line":11,"loc":{"start":{"line":11,"column":43},"end":{"line":11,"column":134}},"locations":[{"start":{"line":11,"column":43},"end":{"line":11,"column":134}}]},"4":{"type":"branch","line":11,"loc":{"start":{"line":11,"column":132},"end":{"line":13,"column":12}},"locations":[{"start":{"line":11,"column":132},"end":{"line":13,"column":12}}]},"5":{"type":"branch","line":13,"loc":{"start":{"line":13,"column":12},"end":{"line":20,"column":33}},"locations":[{"start":{"line":13,"column":12},"end":{"line":20,"column":33}}]},"6":{"type":"branch","line":16,"loc":{"start":{"line":16,"column":47},"end":{"line":16,"column":105}},"locations":[{"start":{"line":16,"column":47},"end":{"line":16,"column":105}}]},"7":{"type":"branch","line":16,"loc":{"start":{"line":16,"column":103},"end":{"line":18,"column":3}},"locations":[{"start":{"line":16,"column":103},"end":{"line":18,"column":3}}]},"8":{"type":"branch","line":18,"loc":{"start":{"line":18,"column":2},"end":{"line":20,"column":33}},"locations":[{"start":{"line":18,"column":2},"end":{"line":20,"column":33}}]},"9":{"type":"branch","line":18,"loc":{"start":{"line":18,"column":2},"end":{"line":20,"column":29}},"locations":[{"start":{"line":18,"column":2},"end":{"line":20,"column":29}}]},"10":{"type":"branch","line":20,"loc":{"start":{"line":20,"column":20},"end":{"line":20,"column":33}},"locations":[{"start":{"line":20,"column":20},"end":{"line":20,"column":33}}]},"11":{"type":"branch","line":22,"loc":{"start":{"line":22,"column":45},"end":{"line":24,"column":1}},"locations":[{"start":{"line":22,"column":45},"end":{"line":24,"column":1}}]},"12":{"type":"branch","line":22,"loc":{"start":{"line":22,"column":45},"end":{"line":22,"column":101}},"locations":[{"start":{"line":22,"column":45},"end":{"line":22,"column":101}}]},"13":{"type":"branch","line":22,"loc":{"start":{"line":22,"column":99},"end":{"line":24,"column":1}},"locations":[{"start":{"line":22,"column":99},"end":{"line":24,"column":1}}]}},"b":{"0":[30],"1":[3],"2":[1],"3":[2],"4":[28],"5":[27],"6":[18],"7":[9],"8":[6],"9":[1],"10":[0],"11":[6],"12":[1],"13":[0]},"fnMap":{"0":{"name":"verifyGitHub","decl":{"start":{"line":6,"column":0},"end":{"line":24,"column":1}},"loc":{"start":{"line":6,"column":0},"end":{"line":24,"column":1}},"line":6}},"f":{"0":30}}
,"/Users/naveenbhavnani/webhook-signature/src/providers/gitlab.ts": {"path":"/Users/naveenbhavnani/webhook-signature/src/providers/gitlab.ts","all":false,"statementMap":{"0":{"start":{"line":1,"column":0},"end":{"line":1,"column":61}},"1":{"start":{"line":2,"column":0},"end":{"line":2,"column":56}},"2":{"start":{"line":3,"column":0},"end":{"line":3,"column":0}},"3":{"start":{"line":4,"column":0},"end":{"line":4,"column":113}},"4":{"start":{"line":5,"column":0},"end":{"line":5,"column":34}},"5":{"start":{"line":6,"column":0},"end":{"line":6,"column":53}},"6":{"start":{"line":7,"column":0},"end":{"line":7,"column":96}},"7":{"start":{"line":8,"column":0},"end":{"line":8,"column":64}},"8":{"start":{"line":9,"column":0},"end":{"line":9,"column":75}},"9":{"start":{"line":10,"column":0},"end":{"line":10,"column":1}}},"s":{"0":1,"1":1,"2":1,"3":9,"4":9,"5":9,"6":9,"7":9,"8":2,"9":2},"branchMap":{"0":{"type":"branch","line":4,"loc":{"start":{"line":4,"column":0},"end":{"line":10,"column":1}},"locations":[{"start":{"line":4,"column":0},"end":{"line":10,"column":1}}]},"1":{"type":"branch","line":7,"loc":{"start":{"line":7,"column":14},"end":{"line":7,"column":96}},"locations":[{"start":{"line":7,"column":14},"end":{"line":7,"column":96}}]},"2":{"type":"branch","line":7,"loc":{"start":{"line":7,"column":94},"end":{"line":8,"column":51}},"locations":[{"start":{"line":7,"column":94},"end":{"line":8,"column":51}}]},"3":{"type":"branch","line":8,"loc":{"start":{"line":8,"column":44},"end":{"line":8,"column":64}},"locations":[{"start":{"line":8,"column":44},"end":{"line":8,"column":64}}]},"4":{"type":"branch","line":8,"loc":{"start":{"line":8,"column":62},"end":{"line":10,"column":1}},"locations":[{"start":{"line":8,"column":62},"end":{"line":10,"column":1}}]}},"b":{"0":[9],"1":[1],"2":[8],"3":[6],"4":[2]},"fnMap":{"0":{"name":"verifyGitLab","decl":{"start":{"line":4,"column":0},"end":{"line":10,"column":1}},"loc":{"start":{"line":4,"column":0},"end":{"line":10,"column":1}},"line":4}},"f":{"0":9}}
,"/Users/naveenbhavnani/webhook-signature/src/providers/razorpay.ts": {"path":"/Users/naveenbhavnani/webhook-signature/src/providers/razorpay.ts","all":false,"statementMap":{"0":{"start":{"line":1,"column":0},"end":{"line":1,"column":61}},"1":{"start":{"line":2,"column":0},"end":{"line":2,"column":72}},"2":{"start":{"line":3,"column":0},"end":{"line":3,"column":0}},"3":{"start":{"line":4,"column":0},"end":{"line":4,"column":116}},"4":{"start":{"line":5,"column":0},"end":{"line":5,"column":43}},"5":{"start":{"line":6,"column":0},"end":{"line":6,"column":57}},"6":{"start":{"line":7,"column":0},"end":{"line":7,"column":100}},"7":{"start":{"line":8,"column":0},"end":{"line":8,"column":76}},"8":{"start":{"line":9,"column":0},"end":{"line":9,"column":30}},"9":{"start":{"line":10,"column":0},"end":{"line":10,"column":65}},"10":{"start":{"line":11,"column":0},"end":{"line":11,"column":79}},"11":{"start":{"line":12,"column":0},"end":{"line":12,"column":1}}},"s":{"0":1,"1":1,"2":1,"3":6,"4":6,"5":6,"6":6,"7":5,"8":5,"9":6,"10":2,"11":2},"branchMap":{"0":{"type":"branch","line":4,"loc":{"start":{"line":4,"column":0},"end":{"line":12,"column":1}},"locations":[{"start":{"line":4,"column":0},"end":{"line":12,"column":1}}]},"1":{"type":"branch","line":7,"loc":{"start":{"line":7,"column":12},"end":{"line":7,"column":100}},"locations":[{"start":{"line":7,"column":12},"end":{"line":7,"column":100}}]},"2":{"type":"branch","line":7,"loc":{"start":{"line":7,"column":98},"end":{"line":10,"column":52}},"locations":[{"start":{"line":7,"column":98},"end":{"line":10,"column":52}}]},"3":{"type":"branch","line":10,"loc":{"start":{"line":10,"column":45},"end":{"line":10,"column":65}},"locations":[{"start":{"line":10,"column":45},"end":{"line":10,"column":65}}]},"4":{"type":"branch","line":10,"loc":{"start":{"line":10,"column":63},"end":{"line":12,"column":1}},"locations":[{"start":{"line":10,"column":63},"end":{"line":12,"column":1}}]}},"b":{"0":[6],"1":[1],"2":[5],"3":[3],"4":[2]},"fnMap":{"0":{"name":"verifyRazorpay","decl":{"start":{"line":4,"column":0},"end":{"line":12,"column":1}},"loc":{"start":{"line":4,"column":0},"end":{"line":12,"column":1}},"line":4}},"f":{"0":6}}
,"/Users/naveenbhavnani/webhook-signature/src/providers/shopify.ts": {"path":"/Users/naveenbhavnani/webhook-signature/src/providers/shopify.ts","all":false,"statementMap":{"0":{"start":{"line":1,"column":0},"end":{"line":1,"column":61}},"1":{"start":{"line":2,"column":0},"end":{"line":2,"column":72}},"2":{"start":{"line":3,"column":0},"end":{"line":3,"column":0}},"3":{"start":{"line":4,"column":0},"end":{"line":4,"column":115}},"4":{"start":{"line":5,"column":0},"end":{"line":5,"column":43}},"5":{"start":{"line":6,"column":0},"end":{"line":6,"column":58}},"6":{"start":{"line":7,"column":0},"end":{"line":7,"column":101}},"7":{"start":{"line":8,"column":0},"end":{"line":8,"column":76}},"8":{"start":{"line":9,"column":0},"end":{"line":9,"column":30}},"9":{"start":{"line":10,"column":0},"end":{"line":10,"column":65}},"10":{"start":{"line":11,"column":0},"end":{"line":11,"column":79}},"11":{"start":{"line":12,"column":0},"end":{"line":12,"column":1}}},"s":{"0":1,"1":1,"2":1,"3":9,"4":9,"5":9,"6":9,"7":8,"8":8,"9":9,"10":2,"11":2},"branchMap":{"0":{"type":"branch","line":4,"loc":{"start":{"line":4,"column":0},"end":{"line":12,"column":1}},"locations":[{"start":{"line":4,"column":0},"end":{"line":12,"column":1}}]},"1":{"type":"branch","line":7,"loc":{"start":{"line":7,"column":12},"end":{"line":7,"column":101}},"locations":[{"start":{"line":7,"column":12},"end":{"line":7,"column":101}}]},"2":{"type":"branch","line":7,"loc":{"start":{"line":7,"column":99},"end":{"line":10,"column":52}},"locations":[{"start":{"line":7,"column":99},"end":{"line":10,"column":52}}]},"3":{"type":"branch","line":10,"loc":{"start":{"line":10,"column":45},"end":{"line":10,"column":65}},"locations":[{"start":{"line":10,"column":45},"end":{"line":10,"column":65}}]},"4":{"type":"branch","line":10,"loc":{"start":{"line":10,"column":63},"end":{"line":12,"column":1}},"locations":[{"start":{"line":10,"column":63},"end":{"line":12,"column":1}}]}},"b":{"0":[9],"1":[1],"2":[8],"3":[6],"4":[2]},"fnMap":{"0":{"name":"verifyShopify","decl":{"start":{"line":4,"column":0},"end":{"line":12,"column":1}},"loc":{"start":{"line":4,"column":0},"end":{"line":12,"column":1}},"line":4}},"f":{"0":9}}
,"/Users/naveenbhavnani/webhook-signature/src/providers/slack.ts": {"path":"/Users/naveenbhavnani/webhook-signature/src/providers/slack.ts","all":false,"statementMap":{"0":{"start":{"line":1,"column":0},"end":{"line":1,"column":61}},"1":{"start":{"line":2,"column":0},"end":{"line":2,"column":84}},"2":{"start":{"line":3,"column":0},"end":{"line":3,"column":0}},"3":{"start":{"line":4,"column":0},"end":{"line":4,"column":27}},"4":{"start":{"line":5,"column":0},"end":{"line":5,"column":0}},"5":{"start":{"line":6,"column":0},"end":{"line":6,"column":119}},"6":{"start":{"line":7,"column":0},"end":{"line":7,"column":73}},"7":{"start":{"line":8,"column":0},"end":{"line":8,"column":54}},"8":{"start":{"line":9,"column":0},"end":{"line":9,"column":64}},"9":{"start":{"line":10,"column":0},"end":{"line":10,"column":103}},"10":{"start":{"line":11,"column":0},"end":{"line":11,"column":121}},"11":{"start":{"line":12,"column":0},"end":{"line":12,"column":27}},"12":{"start":{"line":13,"column":0},"end":{"line":13,"column":107}},"13":{"start":{"line":14,"column":0},"end":{"line":14,"column":159}},"14":{"start":{"line":15,"column":0},"end":{"line":15,"column":64}},"15":{"start":{"line":16,"column":0},"end":{"line":16,"column":60}},"16":{"start":{"line":17,"column":0},"end":{"line":17,"column":32}},"17":{"start":{"line":18,"column":0},"end":{"line":18,"column":137}},"18":{"start":{"line":19,"column":0},"end":{"line":19,"column":20}},"19":{"start":{"line":20,"column":0},"end":{"line":20,"column":42}},"20":{"start":{"line":21,"column":0},"end":{"line":21,"column":60}},"21":{"start":{"line":22,"column":0},"end":{"line":22,"column":118}},"22":{"start":{"line":23,"column":0},"end":{"line":23,"column":3}},"23":{"start":{"line":24,"column":0},"end":{"line":24,"column":36}},"24":{"start":{"line":25,"column":0},"end":{"line":25,"column":1}}},"s":{"0":1,"1":1,"2":1,"3":1,"4":1,"5":6,"6":6,"7":6,"8":6,"9":6,"10":6,"11":5,"12":6,"13":6,"14":4,"15":4,"16":4,"17":6,"18":6,"19":2,"20":2,"21":2,"22":2,"23":3,"24":3},"branchMap":{"0":{"type":"branch","line":6,"loc":{"start":{"line":6,"column":0},"end":{"line":25,"column":1}},"locations":[{"start":{"line":6,"column":0},"end":{"line":25,"column":1}}]},"1":{"type":"branch","line":10,"loc":{"start":{"line":10,"column":22},"end":{"line":10,"column":103}},"locations":[{"start":{"line":10,"column":22},"end":{"line":10,"column":103}}]},"2":{"type":"branch","line":11,"loc":{"start":{"line":11,"column":30},"end":{"line":11,"column":121}},"locations":[{"start":{"line":11,"column":30},"end":{"line":11,"column":121}}]},"3":{"type":"branch","line":11,"loc":{"start":{"line":11,"column":119},"end":{"line":13,"column":35}},"locations":[{"start":{"line":11,"column":119},"end":{"line":13,"column":35}}]},"4":{"type":"branch","line":13,"loc":{"start":{"line":13,"column":28},"end":{"line":14,"column":54}},"locations":[{"start":{"line":13,"column":28},"end":{"line":14,"column":54}}]},"5":{"type":"branch","line":13,"loc":{"start":{"line":13,"column":28},"end":{"line":13,"column":107}},"locations":[{"start":{"line":13,"column":28},"end":{"line":13,"column":107}}]},"6":{"type":"branch","line":14,"loc":{"start":{"line":14,"column":47},"end":{"line":14,"column":159}},"locations":[{"start":{"line":14,"column":47},"end":{"line":14,"column":159}}]},"7":{"type":"branch","line":14,"loc":{"start":{"line":14,"column":157},"end":{"line":18,"column":53}},"locations":[{"start":{"line":14,"column":157},"end":{"line":18,"column":53}}]},"8":{"type":"branch","line":18,"loc":{"start":{"line":18,"column":46},"end":{"line":18,"column":137}},"locations":[{"start":{"line":18,"column":46},"end":{"line":18,"column":137}}]},"9":{"type":"branch","line":18,"loc":{"start":{"line":18,"column":135},"end":{"line":19,"column":19}},"locations":[{"start":{"line":18,"column":135},"end":{"line":19,"column":19}}]},"10":{"type":"branch","line":19,"loc":{"start":{"line":19,"column":19},"end":{"line":25,"column":1}},"locations":[{"start":{"line":19,"column":19},"end":{"line":25,"column":1}}]},"11":{"type":"branch","line":19,"loc":{"start":{"line":19,"column":19},"end":{"line":23,"column":3}},"locations":[{"start":{"line":19,"column":19},"end":{"line":23,"column":3}}]},"12":{"type":"branch","line":22,"loc":{"start":{"line":22,"column":16},"end":{"line":22,"column":118}},"locations":[{"start":{"line":22,"column":16},"end":{"line":22,"column":118}}]},"13":{"type":"branch","line":23,"loc":{"start":{"line":23,"column":2},"end":{"line":25,"column":1}},"locations":[{"start":{"line":23,"column":2},"end":{"line":25,"column":1}}]}},"b":{"0":[6],"1":[0],"2":[1],"3":[5],"4":[4],"5":[1],"6":[0],"7":[4],"8":[0],"9":[4],"10":[5],"11":[2],"12":[1],"13":[3]},"fnMap":{"0":{"name":"verifySlack","decl":{"start":{"line":6,"column":0},"end":{"line":25,"column":1}},"loc":{"start":{"line":6,"column":0},"end":{"line":25,"column":1}},"line":6}},"f":{"0":6}}
,"/Users/naveenbhavnani/webhook-signature/src/providers/stripe.ts": {"path":"/Users/naveenbhavnani/webhook-signature/src/providers/stripe.ts","all":false,"statementMap":{"0":{"start":{"line":1,"column":0},"end":{"line":1,"column":61}},"1":{"start":{"line":2,"column":0},"end":{"line":2,"column":84}},"2":{"start":{"line":3,"column":0},"end":{"line":3,"column":0}},"3":{"start":{"line":4,"column":0},"end":{"line":4,"column":46}},"4":{"start":{"line":5,"column":0},"end":{"line":5,"column":0}},"5":{"start":{"line":6,"column":0},"end":{"line":6,"column":120}},"6":{"start":{"line":7,"column":0},"end":{"line":7,"column":73}},"7":{"start":{"line":8,"column":0},"end":{"line":8,"column":59}},"8":{"start":{"line":9,"column":0},"end":{"line":9,"column":102}},"9":{"start":{"line":10,"column":0},"end":{"line":10,"column":56}},"10":{"start":{"line":11,"column":0},"end":{"line":11,"column":52}},"11":{"start":{"line":12,"column":0},"end":{"line":12,"column":57}},"12":{"start":{"line":13,"column":0},"end":{"line":13,"column":120}},"13":{"start":{"line":14,"column":0},"end":{"line":14,"column":35}},"14":{"start":{"line":15,"column":0},"end":{"line":15,"column":100}},"15":{"start":{"line":16,"column":0},"end":{"line":16,"column":157}},"16":{"start":{"line":17,"column":0},"end":{"line":17,"column":0}},"17":{"start":{"line":18,"column":0},"end":{"line":18,"column":63}},"18":{"start":{"line":19,"column":0},"end":{"line":19,"column":63}},"19":{"start":{"line":20,"column":0},"end":{"line":20,"column":29}},"20":{"start":{"line":21,"column":0},"end":{"line":21,"column":28}},"21":{"start":{"line":22,"column":0},"end":{"line":22,"column":43}},"22":{"start":{"line":23,"column":0},"end":{"line":23,"column":35}},"23":{"start":{"line":24,"column":0},"end":{"line":24,"column":24}},"24":{"start":{"line":25,"column":0},"end":{"line":25,"column":58}},"25":{"start":{"line":26,"column":0},"end":{"line":26,"column":64}},"26":{"start":{"line":27,"column":0},"end":{"line":27,"column":137}},"27":{"start":{"line":28,"column":0},"end":{"line":28,"column":7}},"28":{"start":{"line":29,"column":0},"end":{"line":29,"column":55}},"29":{"start":{"line":30,"column":0},"end":{"line":30,"column":5}},"30":{"start":{"line":31,"column":0},"end":{"line":31,"column":3}},"31":{"start":{"line":32,"column":0},"end":{"line":32,"column":97}},"32":{"start":{"line":33,"column":0},"end":{"line":33,"column":1}}},"s":{"0":1,"1":1,"2":1,"3":1,"4":1,"5":11,"6":11,"7":11,"8":11,"9":11,"10":11,"11":11,"12":11,"13":9,"14":11,"15":11,"16":7,"17":7,"18":7,"19":11,"20":8,"21":8,"22":7,"23":7,"24":2,"25":2,"26":2,"27":2,"28":6,"29":6,"30":8,"31":0,"32":0},"branchMap":{"0":{"type":"branch","line":6,"loc":{"start":{"line":6,"column":0},"end":{"line":33,"column":1}},"locations":[{"start":{"line":6,"column":0},"end":{"line":33,"column":1}}]},"1":{"type":"branch","line":9,"loc":{"start":{"line":9,"column":18},"end":{"line":9,"column":102}},"locations":[{"start":{"line":9,"column":18},"end":{"line":9,"column":102}}]},"2":{"type":"branch","line":13,"loc":{"start":{"line":13,"column":7},"end":{"line":13,"column":38}},"locations":[{"start":{"line":13,"column":7},"end":{"line":13,"column":38}}]},"3":{"type":"branch","line":13,"loc":{"start":{"line":13,"column":38},"end":{"line":13,"column":120}},"locations":[{"start":{"line":13,"column":38},"end":{"line":13,"column":120}}]},"4":{"type":"branch","line":13,"loc":{"start":{"line":13,"column":118},"end":{"line":15,"column":34}},"locations":[{"start":{"line":13,"column":118},"end":{"line":15,"column":34}}]},"5":{"type":"branch","line":15,"loc":{"start":{"line":15,"column":27},"end":{"line":15,"column":100}},"locations":[{"start":{"line":15,"column":27},"end":{"line":15,"column":100}}]},"6":{"type":"branch","line":15,"loc":{"start":{"line":15,"column":98},"end":{"line":16,"column":53}},"locations":[{"start":{"line":15,"column":98},"end":{"line":16,"column":53}}]},"7":{"type":"branch","line":16,"loc":{"start":{"line":16,"column":46},"end":{"line":16,"column":157}},"locations":[{"start":{"line":16,"column":46},"end":{"line":16,"column":157}}]},"8":{"type":"branch","line":16,"loc":{"start":{"line":16,"column":155},"end":{"line":20,"column":28}},"locations":[{"start":{"line":16,"column":155},"end":{"line":20,"column":28}}]},"9":{"type":"branch","line":20,"loc":{"start":{"line":20,"column":28},"end":{"line":31,"column":3}},"locations":[{"start":{"line":20,"column":28},"end":{"line":31,"column":3}}]},"10":{"type":"branch","line":22,"loc":{"start":{"line":22,"column":42},"end":{"line":30,"column":5}},"locations":[{"start":{"line":22,"column":42},"end":{"line":30,"column":5}}]},"11":{"type":"branch","line":24,"loc":{"start":{"line":24,"column":23},"end":{"line":28,"column":7}},"locations":[{"start":{"line":24,"column":23},"end":{"line":28,"column":7}}]},"12":{"type":"branch","line":27,"loc":{"start":{"line":27,"column":20},"end":{"line":27,"column":137}},"locations":[{"start":{"line":27,"column":20},"end":{"line":27,"column":137}}]},"13":{"type":"branch","line":28,"loc":{"start":{"line":28,"column":6},"end":{"line":30,"column":5}},"locations":[{"start":{"line":28,"column":6},"end":{"line":30,"column":5}}]},"14":{"type":"branch","line":31,"loc":{"start":{"line":31,"column":2},"end":{"line":33,"column":1}},"locations":[{"start":{"line":31,"column":2},"end":{"line":33,"column":1}}]},"15":{"type":"branch","line":10,"loc":{"start":{"line":10,"column":41},"end":{"line":10,"column":54}},"locations":[{"start":{"line":10,"column":41},"end":{"line":10,"column":54}}]},"16":{"type":"branch","line":11,"loc":{"start":{"line":11,"column":27},"end":{"line":11,"column":50}},"locations":[{"start":{"line":11,"column":27},"end":{"line":11,"column":50}}]},"17":{"type":"branch","line":12,"loc":{"start":{"line":12,"column":31},"end":{"line":12,"column":55}},"locations":[{"start":{"line":12,"column":31},"end":{"line":12,"column":55}}]}},"b":{"0":[11],"1":[0],"2":[10],"3":[2],"4":[9],"5":[1],"6":[8],"7":[1],"8":[7],"9":[8],"10":[7],"11":[2],"12":[1],"13":[6],"14":[0],"15":[21],"16":[11],"17":[21]},"fnMap":{"0":{"name":"verifyStripe","decl":{"start":{"line":6,"column":0},"end":{"line":33,"column":1}},"loc":{"start":{"line":6,"column":0},"end":{"line":33,"column":1}},"line":6}},"f":{"0":11}}
,"/Users/naveenbhavnani/webhook-signature/src/providers/twilio.ts": {"path":"/Users/naveenbhavnani/webhook-signature/src/providers/twilio.ts","all":false,"statementMap":{"0":{"start":{"line":1,"column":0},"end":{"line":1,"column":61}},"1":{"start":{"line":2,"column":0},"end":{"line":2,"column":62}},"2":{"start":{"line":3,"column":0},"end":{"line":3,"column":0}},"3":{"start":{"line":4,"column":0},"end":{"line":4,"column":163}},"4":{"start":{"line":5,"column":0},"end":{"line":5,"column":43}},"5":{"start":{"line":6,"column":0},"end":{"line":6,"column":55}},"6":{"start":{"line":7,"column":0},"end":{"line":7,"column":98}},"7":{"start":{"line":8,"column":0},"end":{"line":8,"column":19}},"8":{"start":{"line":9,"column":0},"end":{"line":9,"column":67}},"9":{"start":{"line":10,"column":0},"end":{"line":10,"column":59}},"10":{"start":{"line":11,"column":0},"end":{"line":11,"column":76}},"11":{"start":{"line":12,"column":0},"end":{"line":12,"column":10}},"12":{"start":{"line":13,"column":0},"end":{"line":13,"column":89}},"13":{"start":{"line":14,"column":0},"end":{"line":14,"column":3}},"14":{"start":{"line":15,"column":0},"end":{"line":15,"column":61}},"15":{"start":{"line":16,"column":0},"end":{"line":16,"column":60}},"16":{"start":{"line":17,"column":0},"end":{"line":17,"column":79}},"17":{"start":{"line":18,"column":0},"end":{"line":18,"column":1}}},"s":{"0":1,"1":1,"2":1,"3":7,"4":7,"5":7,"6":7,"7":6,"8":7,"9":2,"10":2,"11":7,"12":4,"13":4,"14":6,"15":7,"16":3,"17":3},"branchMap":{"0":{"type":"branch","line":4,"loc":{"start":{"line":4,"column":0},"end":{"line":18,"column":1}},"locations":[{"start":{"line":4,"column":0},"end":{"line":18,"column":1}}]},"1":{"type":"branch","line":7,"loc":{"start":{"line":7,"column":12},"end":{"line":7,"column":98}},"locations":[{"start":{"line":7,"column":12},"end":{"line":7,"column":98}}]},"2":{"type":"branch","line":7,"loc":{"start":{"line":7,"column":96},"end":{"line":9,"column":25}},"locations":[{"start":{"line":7,"column":96},"end":{"line":9,"column":25}}]},"3":{"type":"branch","line":9,"loc":{"start":{"line":9,"column":11},"end":{"line":9,"column":66}},"locations":[{"start":{"line":9,"column":11},"end":{"line":9,"column":66}}]},"4":{"type":"branch","line":9,"loc":{"start":{"line":9,"column":66},"end":{"line":12,"column":9}},"locations":[{"start":{"line":9,"column":66},"end":{"line":12,"column":9}}]},"5":{"type":"branch","line":12,"loc":{"start":{"line":12,"column":2},"end":{"line":14,"column":3}},"locations":[{"start":{"line":12,"column":2},"end":{"line":14,"column":3}}]},"6":{"type":"branch","line":13,"loc":{"start":{"line":13,"column":53},"end":{"line":13,"column":89}},"locations":[{"start":{"line":13,"column":53},"end":{"line":13,"column":89}}]},"7":{"type":"branch","line":14,"loc":{"start":{"line":14,"column":2},"end":{"line":16,"column":47}},"locations":[{"start":{"line":14,"column":2},"end":{"line":16,"column":47}}]},"8":{"type":"branch","line":16,"loc":{"start":{"line":16,"column":40},"end":{"line":18,"column":1}},"locations":[{"start":{"line":16,"column":40},"end":{"line":18,"column":1}}]},"9":{"type":"branch","line":11,"loc":{"start":{"line":11,"column":37},"end":{"line":11,"column":65}},"locations":[{"start":{"line":11,"column":37},"end":{"line":11,"column":65}}]}},"b":{"0":[7],"1":[1],"2":[6],"3":[2],"4":[2],"5":[4],"6":[0],"7":[6],"8":[3],"9":[6]},"fnMap":{"0":{"name":"verifyTwilio","decl":{"start":{"line":4,"column":0},"end":{"line":18,"column":1}},"loc":{"start":{"line":4,"column":0},"end":{"line":18,"column":1}},"line":4}},"f":{"0":7}}
,"/Users/naveenbhavnani/webhook-signature/src/replay/memory.ts": {"path":"/Users/naveenbhavnani/webhook-signature/src/replay/memory.ts","all":false,"statementMap":{"0":{"start":{"line":1,"column":0},"end":{"line":1,"column":39}},"1":{"start":{"line":2,"column":0},"end":{"line":2,"column":0}},"2":{"start":{"line":3,"column":0},"end":{"line":3,"column":33}},"3":{"start":{"line":4,"column":0},"end":{"line":4,"column":55}},"4":{"start":{"line":5,"column":0},"end":{"line":5,"column":22}},"5":{"start":{"line":6,"column":0},"end":{"line":6,"column":34}},"6":{"start":{"line":7,"column":0},"end":{"line":7,"column":82}},"7":{"start":{"line":8,"column":0},"end":{"line":8,"column":68}},"8":{"start":{"line":9,"column":0},"end":{"line":9,"column":27}},"9":{"start":{"line":10,"column":0},"end":{"line":10,"column":33}},"10":{"start":{"line":11,"column":0},"end":{"line":11,"column":35}},"11":{"start":{"line":12,"column":0},"end":{"line":12,"column":25}},"12":{"start":{"line":13,"column":0},"end":{"line":13,"column":80}},"13":{"start":{"line":14,"column":0},"end":{"line":14,"column":38}},"14":{"start":{"line":15,"column":0},"end":{"line":15,"column":85}},"15":{"start":{"line":16,"column":0},"end":{"line":16,"column":5}},"16":{"start":{"line":17,"column":0},"end":{"line":17,"column":39}},"17":{"start":{"line":18,"column":0},"end":{"line":18,"column":57}},"18":{"start":{"line":19,"column":0},"end":{"line":19,"column":60}},"19":{"start":{"line":20,"column":0},"end":{"line":20,"column":16}},"20":{"start":{"line":21,"column":0},"end":{"line":21,"column":3}},"21":{"start":{"line":22,"column":0},"end":{"line":22,"column":1}}},"s":{"0":1,"1":1,"2":1,"3":1,"4":1,"5":1,"6":1,"7":1,"8":13,"9":13,"10":13,"11":1,"12":1,"13":1,"14":1,"15":1,"16":13,"17":13,"18":10,"19":10,"20":13,"21":1},"branchMap":{"0":{"type":"branch","line":7,"loc":{"start":{"line":7,"column":2},"end":{"line":7,"column":82}},"locations":[{"start":{"line":7,"column":2},"end":{"line":7,"column":82}}]},"1":{"type":"branch","line":8,"loc":{"start":{"line":8,"column":2},"end":{"line":21,"column":3}},"locations":[{"start":{"line":8,"column":2},"end":{"line":21,"column":3}}]},"2":{"type":"branch","line":11,"loc":{"start":{"line":11,"column":34},"end":{"line":16,"column":5}},"locations":[{"start":{"line":11,"column":34},"end":{"line":16,"column":5}}]},"3":{"type":"branch","line":13,"loc":{"start":{"line":13,"column":36},"end":{"line":13,"column":80}},"locations":[{"start":{"line":13,"column":36},"end":{"line":13,"column":80}}]},"4":{"type":"branch","line":13,"loc":{"start":{"line":13,"column":61},"end":{"line":13,"column":80}},"locations":[{"start":{"line":13,"column":61},"end":{"line":13,"column":80}}]},"5":{"type":"branch","line":18,"loc":{"start":{"line":18,"column":8},"end":{"line":18,"column":44}},"locations":[{"start":{"line":18,"column":8},"end":{"line":18,"column":44}}]},"6":{"type":"branch","line":18,"loc":{"start":{"line":18,"column":44},"end":{"line":18,"column":57}},"locations":[{"start":{"line":18,"column":44},"end":{"line":18,"column":57}}]},"7":{"type":"branch","line":18,"loc":{"start":{"line":18,"column":51},"end":{"line":20,"column":16}},"locations":[{"start":{"line":18,"column":51},"end":{"line":20,"column":16}}]}},"b":{"0":[8],"1":[13],"2":[1],"3":[3],"4":[0],"5":[4],"6":[3],"7":[10]},"fnMap":{"0":{"name":"MemoryReplayStore","decl":{"start":{"line":7,"column":2},"end":{"line":7,"column":82}},"loc":{"start":{"line":7,"column":2},"end":{"line":7,"column":82}},"line":7},"1":{"name":"putOnce","decl":{"start":{"line":8,"column":2},"end":{"line":21,"column":3}},"loc":{"start":{"line":8,"column":2},"end":{"line":21,"column":3}},"line":8}},"f":{"0":8,"1":13}}
,"/Users/naveenbhavnani/webhook-signature/src/replay/redis.ts": {"path":"/Users/naveenbhavnani/webhook-signature/src/replay/redis.ts","all":false,"statementMap":{"0":{"start":{"line":1,"column":0},"end":{"line":1,"column":39}},"1":{"start":{"line":2,"column":0},"end":{"line":2,"column":0}},"2":{"start":{"line":3,"column":0},"end":{"line":3,"column":54}},"3":{"start":{"line":4,"column":0},"end":{"line":4,"column":79}},"4":{"start":{"line":5,"column":0},"end":{"line":5,"column":68}},"5":{"start":{"line":6,"column":0},"end":{"line":6,"column":38}},"6":{"start":{"line":7,"column":0},"end":{"line":7,"column":30}},"7":{"start":{"line":8,"column":0},"end":{"line":8,"column":73}},"8":{"start":{"line":9,"column":0},"end":{"line":9,"column":24}},"9":{"start":{"line":10,"column":0},"end":{"line":10,"column":3}},"10":{"start":{"line":11,"column":0},"end":{"line":11,"column":1}}},"s":{"0":1,"1":1,"2":1,"3":1,"4":1,"5":4,"6":4,"7":4,"8":4,"9":4,"10":1},"branchMap":{"0":{"type":"branch","line":4,"loc":{"start":{"line":4,"column":2},"end":{"line":4,"column":79}},"locations":[{"start":{"line":4,"column":2},"end":{"line":4,"column":79}}]},"1":{"type":"branch","line":5,"loc":{"start":{"line":5,"column":2},"end":{"line":10,"column":3}},"locations":[{"start":{"line":5,"column":2},"end":{"line":10,"column":3}}]}},"b":{"0":[5],"1":[4]},"fnMap":{"0":{"name":"RedisReplayStore","decl":{"start":{"line":4,"column":2},"end":{"line":4,"column":79}},"loc":{"start":{"line":4,"column":2},"end":{"line":4,"column":79}},"line":4},"1":{"name":"putOnce","decl":{"start":{"line":5,"column":2},"end":{"line":10,"column":3}},"loc":{"start":{"line":5,"column":2},"end":{"line":10,"column":3}},"line":5}},"f":{"0":5,"1":4}}
}
